#
# There is insufficient memory for the Java Runtime Environment to continue.
# Native memory allocation (mmap) failed to map 632291328 bytes for G1 virtual space
# Possible reasons:
#   The system is out of physical RAM or swap space
#   The process is running with CompressedOops enabled, and the Java Heap may be blocking the growth of the native heap
# Possible solutions:
#   Reduce memory load on the system
#   Increase physical memory or swap space
#   Check if swap backing store is full
#   Decrease Java heap size (-Xmx/-Xms)
#   Decrease number of Java threads
#   Decrease Java thread stack sizes (-Xss)
#   Set larger code cache with -XX:ReservedCodeCacheSize=
#   JVM is running with Unscaled Compressed Oops mode in which the Java heap is
#     placed in the first 4GB address space. The Java Heap base address is the
#     maximum limit for the native heap growth. Please use -XX:HeapBaseMinAddress
#     to set the Java Heap base and to place the Java Heap above 4GB virtual address.
# This output file may be truncated or incomplete.
#
#  Out of Memory Error (os_windows.cpp:3769), pid=4348, tid=2020
#
# JRE version: OpenJDK Runtime Environment (17.0.6) (build 17.0.6+0-b2043.56-10027231)
# Java VM: OpenJDK 64-Bit Server VM (17.0.6+0-b2043.56-10027231, mixed mode, tiered, compressed oops, compressed class ptrs, g1 gc, windows-amd64)
# No core dump will be written. Minidumps are not enabled by default on client versions of Windows
#

---------------  S U M M A R Y ------------

Command Line: --add-opens=java.base/java.util=ALL-UNNAMED --add-opens=java.base/java.lang=ALL-UNNAMED --add-opens=java.base/java.lang.invoke=ALL-UNNAMED --add-opens=java.prefs/java.util.prefs=ALL-UNNAMED --add-opens=java.base/java.nio.charset=ALL-UNNAMED --add-opens=java.base/java.net=ALL-UNNAMED --add-opens=java.base/java.util.concurrent.atomic=ALL-UNNAMED -Xmx2048m -Dfile.encoding=UTF-8 -Duser.country=US -Duser.language=en -Duser.variant org.gradle.launcher.daemon.bootstrap.GradleDaemon 8.0

Host: Intel(R) Core(TM) i5-5200U CPU @ 2.20GHz, 4 cores, 3G,  Windows 10 , 64 bit Build 19041 (10.0.19041.3570)
Time: Wed Oct 18 15:46:51 2023 SE Asia Standard Time elapsed time: 85.740425 seconds (0d 0h 1m 25s)

---------------  T H R E A D  ---------------

Current thread (0x00000203a9623aa0):  VMThread "VM Thread" [stack: 0x000000dc04d00000,0x000000dc04e00000] [id=2020]

Stack: [0x000000dc04d00000,0x000000dc04e00000]
Native frames: (J=compiled Java code, j=interpreted, Vv=VM code, C=native code)
V  [jvm.dll+0x683c9a]
V  [jvm.dll+0x8427a4]
V  [jvm.dll+0x843f9e]
V  [jvm.dll+0x844603]
V  [jvm.dll+0x249b75]
V  [jvm.dll+0x680b69]
V  [jvm.dll+0x67505a]
V  [jvm.dll+0x309acb]
V  [jvm.dll+0x310f86]
V  [jvm.dll+0x3608ee]
V  [jvm.dll+0x360b1f]
V  [jvm.dll+0x2dfbf8]
V  [jvm.dll+0x2ddec4]
V  [jvm.dll+0x2dd4cc]
V  [jvm.dll+0x321f3b]
V  [jvm.dll+0x848ccb]
V  [jvm.dll+0x849a04]
V  [jvm.dll+0x849f1d]
V  [jvm.dll+0x84a2f4]
V  [jvm.dll+0x84a3c0]
V  [jvm.dll+0x7f274a]
V  [jvm.dll+0x682ad5]
C  [ucrtbase.dll+0x21bb2]
C  [KERNEL32.DLL+0x17344]
C  [ntdll.dll+0x526b1]

VM_Operation (0x000000dc09bf9590): G1CollectForAllocation, mode: safepoint, requested by thread 0x00000203aeb73af0


---------------  P R O C E S S  ---------------

Threads class SMR info:
_java_thread_list=0x00000203b69c97a0, length=95, elements={
0x0000020390099af0, 0x00000203a962b9f0, 0x00000203a962c770, 0x00000203a9648c70,
0x00000203a964c650, 0x00000203a964d520, 0x00000203aa00c470, 0x00000203aa010560,
0x00000203aa010e60, 0x00000203aa014360, 0x00000203aa194020, 0x00000203aa198d10,
0x00000203ab316a90, 0x00000203aba00900, 0x00000203ab2cd810, 0x00000203ac88cf00,
0x00000203ac5f8ce0, 0x00000203ac5f9950, 0x00000203ab7e5c10, 0x00000203ab7e75f0,
0x00000203ac60d210, 0x00000203ac60c870, 0x00000203ac60dbb0, 0x00000203ac60c3a0,
0x00000203ac60e080, 0x00000203ac60cd40, 0x00000203ac60ea20, 0x00000203ac60e550,
0x00000203ac60b060, 0x00000203ac60ba00, 0x00000203ac60b530, 0x00000203ac60bed0,
0x00000203ae7ea3b0, 0x00000203ae7ea880, 0x00000203ae7eca30, 0x00000203ae7e9ee0,
0x00000203ae7eb6f0, 0x00000203ae7e9540, 0x00000203ae7eb220, 0x00000203ae7e9070,
0x00000203ae7e9a10, 0x00000203ae6cc0c0, 0x00000203ae6c8bd0, 0x00000203ae6ccf30,
0x00000203ae6cc590, 0x00000203ae6c6ef0, 0x00000203ae6ca8b0, 0x00000203ae6c8700,
0x00000203ae6cad80, 0x00000203ae6ca3e0, 0x00000203ae6c9570, 0x00000203ae6cb250,
0x00000203ae6cca60, 0x00000203ae6c90a0, 0x00000203ae6c9a40, 0x00000203ae6c7d60,
0x00000203ae6c9f10, 0x00000203ae6c7890, 0x00000203ae6cd8d0, 0x00000203ae6cb720,
0x00000203ae6cbbf0, 0x00000203ae6cd400, 0x00000203ae6c6080, 0x00000203ae6c73c0,
0x00000203ae6c6550, 0x00000203ae6c6a20, 0x00000203ae6c8230, 0x00000203aeb6fc60,
0x00000203aeb74490, 0x00000203aeb71e10, 0x00000203aeb73150, 0x00000203aeb73620,
0x00000203aeb73af0, 0x00000203aeb75ca0, 0x00000203aeb73fc0, 0x00000203aeb70fa0,
0x00000203aeb70130, 0x00000203aeb76170, 0x00000203aeb70ad0, 0x00000203aeb76640,
0x00000203aeb71470, 0x00000203aeb74960, 0x00000203aeb74e30, 0x00000203aeb6f790,
0x00000203aeb70600, 0x00000203aeb722e0, 0x00000203aeb72c80, 0x00000203b16babb0,
0x00000203b16b93a0, 0x00000203b16be570, 0x00000203b16ba210, 0x00000203b16bb550,
0x00000203b16bf8b0, 0x00000203b16bba20, 0x00000203b16bbef0
}

Java Threads: ( => current thread )
  0x0000020390099af0 JavaThread "main" [_thread_blocked, id=10172, stack(0x000000dc04700000,0x000000dc04800000)]
  0x00000203a962b9f0 JavaThread "Reference Handler" daemon [_thread_blocked, id=596, stack(0x000000dc04e00000,0x000000dc04f00000)]
  0x00000203a962c770 JavaThread "Finalizer" daemon [_thread_blocked, id=2700, stack(0x000000dc04f00000,0x000000dc05000000)]
  0x00000203a9648c70 JavaThread "Signal Dispatcher" daemon [_thread_blocked, id=468, stack(0x000000dc05000000,0x000000dc05100000)]
  0x00000203a964c650 JavaThread "Attach Listener" daemon [_thread_blocked, id=4004, stack(0x000000dc05100000,0x000000dc05200000)]
  0x00000203a964d520 JavaThread "Service Thread" daemon [_thread_blocked, id=7212, stack(0x000000dc05200000,0x000000dc05300000)]
  0x00000203aa00c470 JavaThread "Monitor Deflation Thread" daemon [_thread_blocked, id=2564, stack(0x000000dc05300000,0x000000dc05400000)]
  0x00000203aa010560 JavaThread "C2 CompilerThread0" daemon [_thread_blocked, id=1160, stack(0x000000dc05400000,0x000000dc05500000)]
  0x00000203aa010e60 JavaThread "C1 CompilerThread0" daemon [_thread_blocked, id=10104, stack(0x000000dc05500000,0x000000dc05600000)]
  0x00000203aa014360 JavaThread "Sweeper thread" daemon [_thread_blocked, id=10052, stack(0x000000dc05600000,0x000000dc05700000)]
  0x00000203aa194020 JavaThread "Common-Cleaner" daemon [_thread_blocked, id=9892, stack(0x000000dc05700000,0x000000dc05800000)]
  0x00000203aa198d10 JavaThread "Notification Thread" daemon [_thread_blocked, id=7848, stack(0x000000dc05800000,0x000000dc05900000)]
  0x00000203ab316a90 JavaThread "Daemon health stats" [_thread_blocked, id=3096, stack(0x000000dc05d00000,0x000000dc05e00000)]
  0x00000203aba00900 JavaThread "Incoming local TCP Connector on port 56930" [_thread_in_native, id=6576, stack(0x000000dc05e00000,0x000000dc05f00000)]
  0x00000203ab2cd810 JavaThread "Daemon periodic checks" [_thread_blocked, id=8920, stack(0x000000dc05f00000,0x000000dc06000000)]
  0x00000203ac88cf00 JavaThread "Daemon" [_thread_blocked, id=5928, stack(0x000000dc06000000,0x000000dc06100000)]
  0x00000203ac5f8ce0 JavaThread "Handler for socket connection from /127.0.0.1:56930 to /127.0.0.1:56931" [_thread_in_native, id=9972, stack(0x000000dc06100000,0x000000dc06200000)]
  0x00000203ac5f9950 JavaThread "Cancel handler" [_thread_blocked, id=9580, stack(0x000000dc06200000,0x000000dc06300000)]
  0x00000203ab7e5c10 JavaThread "Daemon worker" [_thread_blocked, id=8748, stack(0x000000dc06300000,0x000000dc06400000)]
  0x00000203ab7e75f0 JavaThread "Asynchronous log dispatcher for DefaultDaemonConnection: socket connection from /127.0.0.1:56930 to /127.0.0.1:56931" [_thread_blocked, id=948, stack(0x000000dc06400000,0x000000dc06500000)]
  0x00000203ac60d210 JavaThread "Daemon client event forwarder" [_thread_blocked, id=2112, stack(0x000000dc06600000,0x000000dc06700000)]
  0x00000203ac60c870 JavaThread "Cache worker for journal cache (C:\gradle-8.3\caches\journal-1)" [_thread_blocked, id=7120, stack(0x000000dc06700000,0x000000dc06800000)]
  0x00000203ac60dbb0 JavaThread "File lock request listener" [_thread_in_native, id=3732, stack(0x000000dc06800000,0x000000dc06900000)]
  0x00000203ac60c3a0 JavaThread "Cache worker for file hash cache (C:\gradle-8.3\caches\8.0\fileHashes)" [_thread_blocked, id=7800, stack(0x000000dc06900000,0x000000dc06a00000)]
  0x00000203ac60e080 JavaThread "File watcher server" daemon [_thread_blocked, id=3648, stack(0x000000dc06a00000,0x000000dc06b00000)]
  0x00000203ac60cd40 JavaThread "File watcher consumer" daemon [_thread_blocked, id=9844, stack(0x000000dc06b00000,0x000000dc06c00000)]
  0x00000203ac60ea20 JavaThread "Cache worker for checksums cache (C:\YE\KuliahPAB2\StoryApp_Ade\.gradle\8.0\checksums)" [_thread_blocked, id=5060, stack(0x000000dc06c00000,0x000000dc06d00000)]
  0x00000203ac60e550 JavaThread "Cache worker for cache directory md-rule (C:\gradle-8.3\caches\8.0\md-rule)" [_thread_blocked, id=6412, stack(0x000000dc06d00000,0x000000dc06e00000)]
  0x00000203ac60b060 JavaThread "Cache worker for file content cache (C:\gradle-8.3\caches\8.0\fileContent)" [_thread_blocked, id=6960, stack(0x000000dc06e00000,0x000000dc06f00000)]
  0x00000203ac60ba00 JavaThread "Cache worker for file hash cache (C:\YE\KuliahPAB2\StoryApp_Ade\.gradle\8.0\fileHashes)" [_thread_blocked, id=7544, stack(0x000000dc06f00000,0x000000dc07000000)]
  0x00000203ac60b530 JavaThread "Cache worker for cache directory md-supplier (C:\gradle-8.3\caches\8.0\md-supplier)" [_thread_blocked, id=9416, stack(0x000000dc07000000,0x000000dc07100000)]
  0x00000203ac60bed0 JavaThread "Cache worker for execution history cache (C:\gradle-8.3\caches\8.0\executionHistory)" [_thread_blocked, id=5960, stack(0x000000dc07100000,0x000000dc07200000)]
  0x00000203ae7ea3b0 JavaThread "jar transforms" [_thread_blocked, id=7540, stack(0x000000dc07300000,0x000000dc07400000)]
  0x00000203ae7ea880 JavaThread "jar transforms Thread 2" [_thread_blocked, id=1328, stack(0x000000dc07400000,0x000000dc07500000)]
  0x00000203ae7eca30 JavaThread "Cache worker for kotlin-dsl (C:\gradle-8.3\caches\8.0\kotlin-dsl)" [_thread_blocked, id=236, stack(0x000000dc07500000,0x000000dc07600000)]
  0x00000203ae7e9ee0 JavaThread "jar transforms Thread 3" [_thread_blocked, id=9460, stack(0x000000dc07600000,0x000000dc07700000)]
  0x00000203ae7eb6f0 JavaThread "jar transforms Thread 4" [_thread_blocked, id=4176, stack(0x000000dc07700000,0x000000dc07800000)]
  0x00000203ae7e9540 JavaThread "Cache worker for dependencies-accessors (C:\YE\KuliahPAB2\StoryApp_Ade\.gradle\8.0\dependencies-accessors)" [_thread_blocked, id=10060, stack(0x000000dc07800000,0x000000dc07900000)]
  0x00000203ae7eb220 JavaThread "Cache worker for Build Output Cleanup Cache (C:\YE\KuliahPAB2\StoryApp_Ade\.gradle\buildOutputCleanup)" [_thread_blocked, id=2660, stack(0x000000dc07900000,0x000000dc07a00000)]
  0x00000203ae7e9070 JavaThread "Unconstrained build operations" [_thread_blocked, id=908, stack(0x000000dc07a00000,0x000000dc07b00000)]
  0x00000203ae7e9a10 JavaThread "Unconstrained build operations Thread 2" [_thread_blocked, id=6688, stack(0x000000dc07b00000,0x000000dc07c00000)]
  0x00000203ae6cc0c0 JavaThread "Unconstrained build operations Thread 3" [_thread_blocked, id=5404, stack(0x000000dc07c00000,0x000000dc07d00000)]
  0x00000203ae6c8bd0 JavaThread "Unconstrained build operations Thread 4" [_thread_blocked, id=4612, stack(0x000000dc07d00000,0x000000dc07e00000)]
  0x00000203ae6ccf30 JavaThread "Unconstrained build operations Thread 5" [_thread_blocked, id=9532, stack(0x000000dc07e00000,0x000000dc07f00000)]
  0x00000203ae6cc590 JavaThread "Unconstrained build operations Thread 6" [_thread_blocked, id=5856, stack(0x000000dc07f00000,0x000000dc08000000)]
  0x00000203ae6c6ef0 JavaThread "Unconstrained build operations Thread 7" [_thread_blocked, id=9004, stack(0x000000dc08000000,0x000000dc08100000)]
  0x00000203ae6ca8b0 JavaThread "Unconstrained build operations Thread 8" [_thread_blocked, id=6488, stack(0x000000dc08100000,0x000000dc08200000)]
  0x00000203ae6c8700 JavaThread "Unconstrained build operations Thread 9" [_thread_blocked, id=6304, stack(0x000000dc08200000,0x000000dc08300000)]
  0x00000203ae6cad80 JavaThread "Unconstrained build operations Thread 10" [_thread_blocked, id=4212, stack(0x000000dc08300000,0x000000dc08400000)]
  0x00000203ae6ca3e0 JavaThread "Unconstrained build operations Thread 11" [_thread_blocked, id=380, stack(0x000000dc08400000,0x000000dc08500000)]
  0x00000203ae6c9570 JavaThread "Unconstrained build operations Thread 12" [_thread_blocked, id=7468, stack(0x000000dc08500000,0x000000dc08600000)]
  0x00000203ae6cb250 JavaThread "Unconstrained build operations Thread 13" [_thread_blocked, id=5052, stack(0x000000dc08600000,0x000000dc08700000)]
  0x00000203ae6cca60 JavaThread "Unconstrained build operations Thread 14" [_thread_blocked, id=8504, stack(0x000000dc08700000,0x000000dc08800000)]
  0x00000203ae6c90a0 JavaThread "Unconstrained build operations Thread 15" [_thread_blocked, id=2912, stack(0x000000dc08800000,0x000000dc08900000)]
  0x00000203ae6c9a40 JavaThread "Unconstrained build operations Thread 16" [_thread_blocked, id=6016, stack(0x000000dc08900000,0x000000dc08a00000)]
  0x00000203ae6c7d60 JavaThread "Unconstrained build operations Thread 17" [_thread_blocked, id=5540, stack(0x000000dc08a00000,0x000000dc08b00000)]
  0x00000203ae6c9f10 JavaThread "Unconstrained build operations Thread 18" [_thread_blocked, id=888, stack(0x000000dc08b00000,0x000000dc08c00000)]
  0x00000203ae6c7890 JavaThread "Unconstrained build operations Thread 19" [_thread_blocked, id=7488, stack(0x000000dc08c00000,0x000000dc08d00000)]
  0x00000203ae6cd8d0 JavaThread "Unconstrained build operations Thread 20" [_thread_blocked, id=4632, stack(0x000000dc08d00000,0x000000dc08e00000)]
  0x00000203ae6cb720 JavaThread "Unconstrained build operations Thread 21" [_thread_blocked, id=7668, stack(0x000000dc08e00000,0x000000dc08f00000)]
  0x00000203ae6cbbf0 JavaThread "Unconstrained build operations Thread 22" [_thread_blocked, id=2016, stack(0x000000dc08f00000,0x000000dc09000000)]
  0x00000203ae6cd400 JavaThread "Unconstrained build operations Thread 23" [_thread_blocked, id=7136, stack(0x000000dc09000000,0x000000dc09100000)]
  0x00000203ae6c6080 JavaThread "Unconstrained build operations Thread 24" [_thread_blocked, id=8040, stack(0x000000dc09100000,0x000000dc09200000)]
  0x00000203ae6c73c0 JavaThread "Unconstrained build operations Thread 25" [_thread_blocked, id=4420, stack(0x000000dc09200000,0x000000dc09300000)]
  0x00000203ae6c6550 JavaThread "Unconstrained build operations Thread 26" [_thread_blocked, id=9456, stack(0x000000dc09300000,0x000000dc09400000)]
  0x00000203ae6c6a20 JavaThread "Unconstrained build operations Thread 27" [_thread_blocked, id=8392, stack(0x000000dc09400000,0x000000dc09500000)]
  0x00000203ae6c8230 JavaThread "Unconstrained build operations Thread 28" [_thread_blocked, id=1532, stack(0x000000dc09500000,0x000000dc09600000)]
  0x00000203aeb6fc60 JavaThread "Unconstrained build operations Thread 29" [_thread_blocked, id=3132, stack(0x000000dc09600000,0x000000dc09700000)]
  0x00000203aeb74490 JavaThread "Unconstrained build operations Thread 30" [_thread_blocked, id=3068, stack(0x000000dc09700000,0x000000dc09800000)]
  0x00000203aeb71e10 JavaThread "Unconstrained build operations Thread 31" [_thread_blocked, id=6152, stack(0x000000dc09800000,0x000000dc09900000)]
  0x00000203aeb73150 JavaThread "Unconstrained build operations Thread 32" [_thread_blocked, id=8580, stack(0x000000dc09900000,0x000000dc09a00000)]
  0x00000203aeb73620 JavaThread "Unconstrained build operations Thread 33" [_thread_blocked, id=6944, stack(0x000000dc09a00000,0x000000dc09b00000)]
  0x00000203aeb73af0 JavaThread "Unconstrained build operations Thread 34" [_thread_blocked, id=5920, stack(0x000000dc09b00000,0x000000dc09c00000)]
  0x00000203aeb75ca0 JavaThread "Unconstrained build operations Thread 35" [_thread_blocked, id=4216, stack(0x000000dc09c00000,0x000000dc09d00000)]
  0x00000203aeb73fc0 JavaThread "Unconstrained build operations Thread 36" [_thread_blocked, id=9724, stack(0x000000dc09d00000,0x000000dc09e00000)]
  0x00000203aeb70fa0 JavaThread "Unconstrained build operations Thread 37" [_thread_blocked, id=8908, stack(0x000000dc09e00000,0x000000dc09f00000)]
  0x00000203aeb70130 JavaThread "Unconstrained build operations Thread 38" [_thread_blocked, id=7244, stack(0x000000dc09f00000,0x000000dc0a000000)]
  0x00000203aeb76170 JavaThread "Unconstrained build operations Thread 39" [_thread_blocked, id=8900, stack(0x000000dc0a000000,0x000000dc0a100000)]
  0x00000203aeb70ad0 JavaThread "Unconstrained build operations Thread 40" [_thread_blocked, id=9640, stack(0x000000dc0a100000,0x000000dc0a200000)]
  0x00000203aeb76640 JavaThread "build event listener" [_thread_blocked, id=3020, stack(0x000000dc0a200000,0x000000dc0a300000)]
  0x00000203aeb71470 JavaThread "Memory manager" [_thread_blocked, id=9620, stack(0x000000dc0a300000,0x000000dc0a400000)]
  0x00000203aeb74960 JavaThread "build event listener" [_thread_blocked, id=7412, stack(0x000000dc0a400000,0x000000dc0a500000)]
  0x00000203aeb74e30 JavaThread "build event listener" [_thread_blocked, id=1344, stack(0x000000dc0a500000,0x000000dc0a600000)]
  0x00000203aeb6f790 JavaThread "included builds" [_thread_blocked, id=7564, stack(0x000000dc0a700000,0x000000dc0a800000)]
  0x00000203aeb70600 JavaThread "Execution worker" [_thread_blocked, id=5292, stack(0x000000dc0a800000,0x000000dc0a900000)]
  0x00000203aeb722e0 JavaThread "Execution worker Thread 2" [_thread_blocked, id=1704, stack(0x000000dc0a900000,0x000000dc0aa00000)]
  0x00000203aeb72c80 JavaThread "Execution worker Thread 3" [_thread_blocked, id=4756, stack(0x000000dc0aa00000,0x000000dc0ab00000)]
  0x00000203b16babb0 JavaThread "Cache worker for execution history cache (C:\YE\KuliahPAB2\StoryApp_Ade\.gradle\8.0\executionHistory)" [_thread_blocked, id=4124, stack(0x000000dc0ab00000,0x000000dc0ac00000)]
  0x00000203b16b93a0 JavaThread "WorkerExecutor Queue" [_thread_in_native, id=9684, stack(0x000000dc0ac00000,0x000000dc0ad00000)]
  0x00000203b16be570 JavaThread "RMI Scheduler(0)" daemon [_thread_blocked, id=8236, stack(0x000000dc0ad00000,0x000000dc0ae00000)]
  0x00000203b16ba210 JavaThread "RMI RenewClean-[127.0.0.1:17031,org.jetbrains.kotlin.daemon.common.LoopbackNetworkInterface$ClientLoopbackSocketFactory@4dbcb64b]" daemon [_thread_blocked, id=6392, stack(0x000000dc0ae00000,0x000000dc0af00000)]
  0x00000203b16bb550 JavaThread "RMI GC Daemon" daemon [_thread_blocked, id=9996, stack(0x000000dc0af00000,0x000000dc0b000000)]
  0x00000203b16bf8b0 JavaThread "RMI TCP Accept-0" daemon [_thread_in_native, id=3208, stack(0x000000dc0b000000,0x000000dc0b100000)]
  0x00000203b16bba20 JavaThread "RMI Reaper" [_thread_blocked, id=232, stack(0x000000dc0b100000,0x000000dc0b200000)]
  0x00000203b16bbef0 JavaThread "RMI TCP Connection(idle)" daemon [_thread_blocked, id=3216, stack(0x000000dc0b200000,0x000000dc0b300000)]

Other Threads:
=>0x00000203a9623aa0 VMThread "VM Thread" [stack: 0x000000dc04d00000,0x000000dc04e00000] [id=2020]
  0x00000203aa19b600 WatcherThread [stack: 0x000000dc05900000,0x000000dc05a00000] [id=584]
  0x00000203900f5ff0 GCTaskThread "GC Thread#0" [stack: 0x000000dc04800000,0x000000dc04900000] [id=3928]
  0x00000203aa3c6a30 GCTaskThread "GC Thread#1" [stack: 0x000000dc05a00000,0x000000dc05b00000] [id=1992]
  0x00000203aa461820 GCTaskThread "GC Thread#2" [stack: 0x000000dc05b00000,0x000000dc05c00000] [id=5020]
  0x00000203aac21c90 GCTaskThread "GC Thread#3" [stack: 0x000000dc05c00000,0x000000dc05d00000] [id=9896]
  0x0000020390106e40 ConcurrentGCThread "G1 Main Marker" [stack: 0x000000dc04900000,0x000000dc04a00000] [id=1804]
  0x0000020390107f00 ConcurrentGCThread "G1 Conc#0" [stack: 0x000000dc04a00000,0x000000dc04b00000] [id=7112]
  0x00000203901559c0 ConcurrentGCThread "G1 Refine#0" [stack: 0x000000dc04b00000,0x000000dc04c00000] [id=4728]
  0x00000203ac42e930 ConcurrentGCThread "G1 Refine#1" [stack: 0x000000dc07200000,0x000000dc07300000] [id=7640]
  0x0000020390157300 ConcurrentGCThread "G1 Service" [stack: 0x000000dc04c00000,0x000000dc04d00000] [id=8896]

Threads with active compile tasks:
C2 CompilerThread0    86138 16888 %     4       com.android.tools.r8.ir.regalloc.b::a @ 14 (1831 bytes)

VM state: at safepoint (normal execution)

VM Mutex/Monitor currently owned by a thread:  ([mutex/lock_event])
[0x000002038df8aa60] Threads_lock - owner thread: 0x00000203a9623aa0
[0x000002038df8b1b0] Heap_lock - owner thread: 0x00000203aeb73af0

Heap address: 0x0000000080000000, size: 2048 MB, Compressed Oops mode: 32-bit

CDS archive(s) not mapped
Compressed class space mapped at: 0x0000000100000000-0x0000000140000000, reserved size: 1073741824
Narrow klass base: 0x0000000000000000, Narrow klass shift: 3, Narrow klass range: 0x140000000

GC Precious Log:
 CPUs: 4 total, 4 available
 Memory: 4009M
 Large Page Support: Disabled
 NUMA Support: Disabled
 Compressed Oops: Enabled (32-bit)
 Heap Region Size: 1M
 Heap Min Capacity: 8M
 Heap Initial Capacity: 64M
 Heap Max Capacity: 2G
 Pre-touch: Disabled
 Parallel Workers: 4
 Concurrent Workers: 1
 Concurrent Refinement Workers: 4
 Periodic GC: Disabled

Heap:
 garbage-first heap   total 322560K, used 128656K [0x0000000080000000, 0x0000000100000000)
  region size 1024K, 2 young (2048K), 2 survivors (2048K)
 Metaspace       used 118117K, committed 118912K, reserved 1155072K
  class space    used 16149K, committed 16512K, reserved 1048576K

Heap Regions: E=young(eden), S=young(survivor), O=old, HS=humongous(starts), HC=humongous(continues), CS=collection set, F=free, OA=open archive, CA=closed archive, TAMS=top-at-mark-start (previous, next)
|   0|0x0000000080000000, 0x0000000080100000, 0x0000000080100000|100%| O|  |TAMS 0x0000000080100000, 0x0000000080100000| Untracked 
|   1|0x0000000080100000, 0x0000000080200000, 0x0000000080200000|100%| O|  |TAMS 0x0000000080200000, 0x0000000080200000| Untracked 
|   2|0x0000000080200000, 0x0000000080300000, 0x0000000080300000|100%|HS|  |TAMS 0x0000000080300000, 0x0000000080300000| Complete 
|   3|0x0000000080300000, 0x0000000080400000, 0x0000000080400000|100%|HC|  |TAMS 0x0000000080400000, 0x0000000080400000| Complete 
|   4|0x0000000080400000, 0x0000000080500000, 0x0000000080500000|100%|HC|  |TAMS 0x0000000080500000, 0x0000000080500000| Complete 
|   5|0x0000000080500000, 0x0000000080600000, 0x0000000080600000|100%|HC|  |TAMS 0x0000000080600000, 0x0000000080600000| Complete 
|   6|0x0000000080600000, 0x0000000080700000, 0x0000000080700000|100%| O|  |TAMS 0x0000000080700000, 0x0000000080700000| Untracked 
|   7|0x0000000080700000, 0x0000000080800000, 0x0000000080800000|100%| O|  |TAMS 0x0000000080800000, 0x0000000080800000| Untracked 
|   8|0x0000000080800000, 0x0000000080900000, 0x0000000080900000|100%| O|  |TAMS 0x0000000080900000, 0x0000000080900000| Untracked 
|   9|0x0000000080900000, 0x0000000080a00000, 0x0000000080a00000|100%| O|  |TAMS 0x0000000080a00000, 0x0000000080a00000| Untracked 
|  10|0x0000000080a00000, 0x0000000080b00000, 0x0000000080b00000|100%| O|  |TAMS 0x0000000080b00000, 0x0000000080b00000| Untracked 
|  11|0x0000000080b00000, 0x0000000080c00000, 0x0000000080c00000|100%| O|  |TAMS 0x0000000080c00000, 0x0000000080c00000| Untracked 
|  12|0x0000000080c00000, 0x0000000080d00000, 0x0000000080d00000|100%| O|  |TAMS 0x0000000080d00000, 0x0000000080d00000| Untracked 
|  13|0x0000000080d00000, 0x0000000080e00000, 0x0000000080e00000|100%| O|  |TAMS 0x0000000080e00000, 0x0000000080e00000| Untracked 
|  14|0x0000000080e00000, 0x0000000080f00000, 0x0000000080f00000|100%| O|  |TAMS 0x0000000080f00000, 0x0000000080f00000| Untracked 
|  15|0x0000000080f00000, 0x0000000081000000, 0x0000000081000000|100%| O|  |TAMS 0x0000000081000000, 0x0000000081000000| Untracked 
|  16|0x0000000081000000, 0x0000000081100000, 0x0000000081100000|100%| O|  |TAMS 0x0000000081100000, 0x0000000081100000| Untracked 
|  17|0x0000000081100000, 0x0000000081200000, 0x0000000081200000|100%| O|  |TAMS 0x0000000081200000, 0x0000000081200000| Untracked 
|  18|0x0000000081200000, 0x0000000081300000, 0x0000000081300000|100%| O|  |TAMS 0x0000000081300000, 0x0000000081300000| Untracked 
|  19|0x0000000081300000, 0x0000000081400000, 0x0000000081400000|100%| O|  |TAMS 0x0000000081400000, 0x0000000081400000| Untracked 
|  20|0x0000000081400000, 0x0000000081500000, 0x0000000081500000|100%| O|  |TAMS 0x0000000081500000, 0x0000000081500000| Untracked 
|  21|0x0000000081500000, 0x0000000081600000, 0x0000000081600000|100%| O|  |TAMS 0x0000000081600000, 0x0000000081600000| Untracked 
|  22|0x0000000081600000, 0x0000000081700000, 0x0000000081700000|100%| O|  |TAMS 0x0000000081700000, 0x0000000081700000| Untracked 
|  23|0x0000000081700000, 0x0000000081800000, 0x0000000081800000|100%| O|  |TAMS 0x0000000081800000, 0x0000000081800000| Untracked 
|  24|0x0000000081800000, 0x0000000081900000, 0x0000000081900000|100%| O|  |TAMS 0x0000000081900000, 0x0000000081900000| Untracked 
|  25|0x0000000081900000, 0x0000000081a00000, 0x0000000081a00000|100%| O|  |TAMS 0x0000000081a00000, 0x0000000081a00000| Untracked 
|  26|0x0000000081a00000, 0x0000000081b00000, 0x0000000081b00000|100%| O|  |TAMS 0x0000000081b00000, 0x0000000081b00000| Untracked 
|  27|0x0000000081b00000, 0x0000000081c00000, 0x0000000081c00000|100%| O|  |TAMS 0x0000000081c00000, 0x0000000081c00000| Untracked 
|  28|0x0000000081c00000, 0x0000000081d00000, 0x0000000081d00000|100%| O|  |TAMS 0x0000000081d00000, 0x0000000081d00000| Untracked 
|  29|0x0000000081d00000, 0x0000000081e00000, 0x0000000081e00000|100%| O|  |TAMS 0x0000000081e00000, 0x0000000081e00000| Untracked 
|  30|0x0000000081e00000, 0x0000000081f00000, 0x0000000081f00000|100%| O|  |TAMS 0x0000000081f00000, 0x0000000081f00000| Untracked 
|  31|0x0000000081f00000, 0x0000000082000000, 0x0000000082000000|100%| O|  |TAMS 0x0000000082000000, 0x0000000082000000| Untracked 
|  32|0x0000000082000000, 0x0000000082100000, 0x0000000082100000|100%|HS|  |TAMS 0x0000000082100000, 0x0000000082100000| Complete 
|  33|0x0000000082100000, 0x0000000082200000, 0x0000000082200000|100%|HS|  |TAMS 0x0000000082200000, 0x0000000082200000| Complete 
|  34|0x0000000082200000, 0x0000000082300000, 0x0000000082300000|100%| O|  |TAMS 0x0000000082300000, 0x0000000082300000| Untracked 
|  35|0x0000000082300000, 0x0000000082400000, 0x0000000082400000|100%| O|  |TAMS 0x0000000082400000, 0x0000000082400000| Untracked 
|  36|0x0000000082400000, 0x0000000082500000, 0x0000000082500000|100%| O|  |TAMS 0x0000000082500000, 0x0000000082500000| Untracked 
|  37|0x0000000082500000, 0x0000000082600000, 0x0000000082600000|100%|HS|  |TAMS 0x0000000082600000, 0x0000000082600000| Complete 
|  38|0x0000000082600000, 0x0000000082700000, 0x0000000082700000|100%|HC|  |TAMS 0x0000000082700000, 0x0000000082700000| Complete 
|  39|0x0000000082700000, 0x0000000082800000, 0x0000000082800000|100%|HS|  |TAMS 0x0000000082800000, 0x0000000082800000| Complete 
|  40|0x0000000082800000, 0x0000000082900000, 0x0000000082900000|100%|HS|  |TAMS 0x0000000082900000, 0x0000000082900000| Complete 
|  41|0x0000000082900000, 0x0000000082a00000, 0x0000000082a00000|100%|HC|  |TAMS 0x0000000082a00000, 0x0000000082a00000| Complete 
|  42|0x0000000082a00000, 0x0000000082b00000, 0x0000000082b00000|100%|HC|  |TAMS 0x0000000082b00000, 0x0000000082b00000| Complete 
|  43|0x0000000082b00000, 0x0000000082c00000, 0x0000000082c00000|100%|HC|  |TAMS 0x0000000082c00000, 0x0000000082c00000| Complete 
|  44|0x0000000082c00000, 0x0000000082d00000, 0x0000000082d00000|100%| O|  |TAMS 0x0000000082d00000, 0x0000000082d00000| Untracked 
|  45|0x0000000082d00000, 0x0000000082e00000, 0x0000000082e00000|100%| O|  |TAMS 0x0000000082e00000, 0x0000000082e00000| Untracked 
|  46|0x0000000082e00000, 0x0000000082f00000, 0x0000000082f00000|100%| O|  |TAMS 0x0000000082f00000, 0x0000000082f00000| Untracked 
|  47|0x0000000082f00000, 0x0000000083000000, 0x0000000083000000|100%| O|  |TAMS 0x0000000083000000, 0x0000000083000000| Untracked 
|  48|0x0000000083000000, 0x0000000083100000, 0x0000000083100000|100%| O|  |TAMS 0x0000000083100000, 0x0000000083100000| Untracked 
|  49|0x0000000083100000, 0x0000000083200000, 0x0000000083200000|100%| O|  |TAMS 0x0000000083200000, 0x0000000083200000| Untracked 
|  50|0x0000000083200000, 0x0000000083300000, 0x0000000083300000|100%| O|  |TAMS 0x0000000083300000, 0x0000000083300000| Untracked 
|  51|0x0000000083300000, 0x0000000083400000, 0x0000000083400000|100%| O|  |TAMS 0x0000000083400000, 0x0000000083400000| Untracked 
|  52|0x0000000083400000, 0x0000000083500000, 0x0000000083500000|100%| O|  |TAMS 0x0000000083500000, 0x0000000083500000| Untracked 
|  53|0x0000000083500000, 0x0000000083600000, 0x0000000083600000|100%| O|  |TAMS 0x0000000083600000, 0x0000000083600000| Untracked 
|  54|0x0000000083600000, 0x0000000083700000, 0x0000000083700000|100%| O|  |TAMS 0x0000000083700000, 0x0000000083700000| Untracked 
|  55|0x0000000083700000, 0x0000000083800000, 0x0000000083800000|100%| O|  |TAMS 0x0000000083800000, 0x0000000083800000| Untracked 
|  56|0x0000000083800000, 0x0000000083900000, 0x0000000083900000|100%| O|  |TAMS 0x0000000083900000, 0x0000000083900000| Untracked 
|  57|0x0000000083900000, 0x0000000083a00000, 0x0000000083a00000|100%| O|  |TAMS 0x0000000083a00000, 0x0000000083a00000| Untracked 
|  58|0x0000000083a00000, 0x0000000083b00000, 0x0000000083b00000|100%| O|  |TAMS 0x0000000083b00000, 0x0000000083b00000| Untracked 
|  59|0x0000000083b00000, 0x0000000083c00000, 0x0000000083c00000|100%| O|  |TAMS 0x0000000083c00000, 0x0000000083c00000| Untracked 
|  60|0x0000000083c00000, 0x0000000083d00000, 0x0000000083d00000|100%| O|  |TAMS 0x0000000083d00000, 0x0000000083d00000| Untracked 
|  61|0x0000000083d00000, 0x0000000083e00000, 0x0000000083e00000|100%| O|  |TAMS 0x0000000083e00000, 0x0000000083e00000| Untracked 
|  62|0x0000000083e00000, 0x0000000083f00000, 0x0000000083f00000|100%| O|  |TAMS 0x0000000083f00000, 0x0000000083f00000| Untracked 
|  63|0x0000000083f00000, 0x0000000084000000, 0x0000000084000000|100%| O|  |TAMS 0x0000000084000000, 0x0000000084000000| Untracked 
|  64|0x0000000084000000, 0x0000000084100000, 0x0000000084100000|100%| O|  |TAMS 0x0000000084100000, 0x0000000084100000| Untracked 
|  65|0x0000000084100000, 0x0000000084200000, 0x0000000084200000|100%| O|  |TAMS 0x0000000084200000, 0x0000000084200000| Untracked 
|  66|0x0000000084200000, 0x0000000084300000, 0x0000000084300000|100%| O|  |TAMS 0x0000000084300000, 0x0000000084300000| Untracked 
|  67|0x0000000084300000, 0x0000000084400000, 0x0000000084400000|100%| O|  |TAMS 0x0000000084400000, 0x0000000084400000| Untracked 
|  68|0x0000000084400000, 0x0000000084500000, 0x0000000084500000|100%| O|  |TAMS 0x0000000084500000, 0x0000000084500000| Untracked 
|  69|0x0000000084500000, 0x0000000084600000, 0x0000000084600000|100%| O|  |TAMS 0x0000000084600000, 0x0000000084600000| Untracked 
|  70|0x0000000084600000, 0x0000000084700000, 0x0000000084700000|100%| O|  |TAMS 0x0000000084700000, 0x0000000084700000| Untracked 
|  71|0x0000000084700000, 0x0000000084800000, 0x0000000084800000|100%| O|  |TAMS 0x0000000084800000, 0x0000000084800000| Untracked 
|  72|0x0000000084800000, 0x0000000084900000, 0x0000000084900000|100%| O|  |TAMS 0x0000000084900000, 0x0000000084900000| Untracked 
|  73|0x0000000084900000, 0x0000000084a00000, 0x0000000084a00000|100%| O|  |TAMS 0x0000000084a00000, 0x0000000084a00000| Untracked 
|  74|0x0000000084a00000, 0x0000000084b00000, 0x0000000084b00000|100%| O|  |TAMS 0x0000000084b00000, 0x0000000084b00000| Untracked 
|  75|0x0000000084b00000, 0x0000000084c00000, 0x0000000084c00000|100%| O|  |TAMS 0x0000000084c00000, 0x0000000084c00000| Untracked 
|  76|0x0000000084c00000, 0x0000000084d00000, 0x0000000084d00000|100%| O|  |TAMS 0x0000000084d00000, 0x0000000084d00000| Untracked 
|  77|0x0000000084d00000, 0x0000000084e00000, 0x0000000084e00000|100%| O|  |TAMS 0x0000000084e00000, 0x0000000084e00000| Untracked 
|  78|0x0000000084e00000, 0x0000000084f00000, 0x0000000084f00000|100%| O|  |TAMS 0x0000000084f00000, 0x0000000084f00000| Untracked 
|  79|0x0000000084f00000, 0x0000000085000000, 0x0000000085000000|100%| O|  |TAMS 0x0000000085000000, 0x0000000085000000| Untracked 
|  80|0x0000000085000000, 0x0000000085100000, 0x0000000085100000|100%| O|  |TAMS 0x0000000085100000, 0x0000000085100000| Untracked 
|  81|0x0000000085100000, 0x0000000085200000, 0x0000000085200000|100%| O|  |TAMS 0x0000000085200000, 0x0000000085200000| Untracked 
|  82|0x0000000085200000, 0x0000000085300000, 0x0000000085300000|100%| O|  |TAMS 0x0000000085300000, 0x0000000085300000| Untracked 
|  83|0x0000000085300000, 0x0000000085400000, 0x0000000085400000|100%| O|  |TAMS 0x0000000085400000, 0x0000000085400000| Untracked 
|  84|0x0000000085400000, 0x0000000085500000, 0x0000000085500000|100%| O|  |TAMS 0x0000000085500000, 0x0000000085500000| Untracked 
|  85|0x0000000085500000, 0x0000000085600000, 0x0000000085600000|100%| O|  |TAMS 0x0000000085600000, 0x0000000085600000| Untracked 
|  86|0x0000000085600000, 0x0000000085700000, 0x0000000085700000|100%| O|  |TAMS 0x0000000085700000, 0x0000000085700000| Untracked 
|  87|0x0000000085700000, 0x0000000085800000, 0x0000000085800000|100%| O|  |TAMS 0x0000000085800000, 0x0000000085800000| Untracked 
|  88|0x0000000085800000, 0x0000000085900000, 0x0000000085900000|100%| O|  |TAMS 0x0000000085900000, 0x0000000085900000| Untracked 
|  89|0x0000000085900000, 0x0000000085a00000, 0x0000000085a00000|100%| O|  |TAMS 0x0000000085a00000, 0x0000000085a00000| Untracked 
|  90|0x0000000085a00000, 0x0000000085a00000, 0x0000000085b00000|  0%| F|  |TAMS 0x0000000085a00000, 0x0000000085a00000| Untracked 
|  91|0x0000000085b00000, 0x0000000085c00000, 0x0000000085c00000|100%| O|  |TAMS 0x0000000085c00000, 0x0000000085c00000| Untracked 
|  92|0x0000000085c00000, 0x0000000085d00000, 0x0000000085d00000|100%| O|  |TAMS 0x0000000085d00000, 0x0000000085d00000| Untracked 
|  93|0x0000000085d00000, 0x0000000085e00000, 0x0000000085e00000|100%| O|  |TAMS 0x0000000085e00000, 0x0000000085e00000| Untracked 
|  94|0x0000000085e00000, 0x0000000085f00000, 0x0000000085f00000|100%| O|  |TAMS 0x0000000085f00000, 0x0000000085f00000| Untracked 
|  95|0x0000000085f00000, 0x0000000086000000, 0x0000000086000000|100%| O|  |TAMS 0x0000000086000000, 0x0000000086000000| Untracked 
|  96|0x0000000086000000, 0x0000000086100000, 0x0000000086100000|100%| O|  |TAMS 0x0000000086100000, 0x0000000086100000| Untracked 
|  97|0x0000000086100000, 0x0000000086200000, 0x0000000086200000|100%| O|  |TAMS 0x0000000086200000, 0x0000000086200000| Untracked 
|  98|0x0000000086200000, 0x0000000086300000, 0x0000000086300000|100%| O|  |TAMS 0x0000000086300000, 0x0000000086300000| Untracked 
|  99|0x0000000086300000, 0x0000000086400000, 0x0000000086400000|100%| O|  |TAMS 0x0000000086400000, 0x0000000086400000| Untracked 
| 100|0x0000000086400000, 0x0000000086500000, 0x0000000086500000|100%| O|  |TAMS 0x0000000086500000, 0x0000000086500000| Untracked 
| 101|0x0000000086500000, 0x0000000086600000, 0x0000000086600000|100%| O|  |TAMS 0x0000000086600000, 0x0000000086600000| Untracked 
| 102|0x0000000086600000, 0x0000000086700000, 0x0000000086700000|100%| O|  |TAMS 0x0000000086700000, 0x0000000086700000| Untracked 
| 103|0x0000000086700000, 0x0000000086800000, 0x0000000086800000|100%| O|  |TAMS 0x0000000086800000, 0x0000000086800000| Untracked 
| 104|0x0000000086800000, 0x0000000086900000, 0x0000000086900000|100%| O|  |TAMS 0x0000000086900000, 0x0000000086900000| Untracked 
| 105|0x0000000086900000, 0x0000000086a00000, 0x0000000086a00000|100%| O|  |TAMS 0x0000000086a00000, 0x0000000086a00000| Untracked 
| 106|0x0000000086a00000, 0x0000000086b00000, 0x0000000086b00000|100%| O|  |TAMS 0x0000000086a00000, 0x0000000086b00000| Untracked 
| 107|0x0000000086b00000, 0x0000000086c00000, 0x0000000086c00000|100%| O|  |TAMS 0x0000000086b00000, 0x0000000086c00000| Untracked 
| 108|0x0000000086c00000, 0x0000000086d00000, 0x0000000086d00000|100%| O|  |TAMS 0x0000000086c00000, 0x0000000086d00000| Untracked 
| 109|0x0000000086d00000, 0x0000000086e00000, 0x0000000086e00000|100%| O|  |TAMS 0x0000000086d00000, 0x0000000086e00000| Untracked 
| 110|0x0000000086e00000, 0x0000000086f00000, 0x0000000086f00000|100%| O|  |TAMS 0x0000000086e00000, 0x0000000086f00000| Untracked 
| 111|0x0000000086f00000, 0x0000000087000000, 0x0000000087000000|100%| O|  |TAMS 0x0000000086f00000, 0x0000000087000000| Untracked 
| 112|0x0000000087000000, 0x0000000087100000, 0x0000000087100000|100%| O|  |TAMS 0x0000000087000000, 0x0000000087100000| Untracked 
| 113|0x0000000087100000, 0x0000000087200000, 0x0000000087200000|100%| O|  |TAMS 0x0000000087100000, 0x0000000087200000| Untracked 
| 114|0x0000000087200000, 0x0000000087300000, 0x0000000087300000|100%| O|  |TAMS 0x0000000087200000, 0x0000000087300000| Untracked 
| 115|0x0000000087300000, 0x0000000087400000, 0x0000000087400000|100%| O|  |TAMS 0x0000000087300000, 0x0000000087400000| Untracked 
| 116|0x0000000087400000, 0x0000000087500000, 0x0000000087500000|100%| O|  |TAMS 0x0000000087400000, 0x0000000087500000| Untracked 
| 117|0x0000000087500000, 0x0000000087600000, 0x0000000087600000|100%| O|  |TAMS 0x0000000087500000, 0x0000000087600000| Untracked 
| 118|0x0000000087600000, 0x0000000087700000, 0x0000000087700000|100%| O|  |TAMS 0x0000000087600000, 0x0000000087700000| Untracked 
| 119|0x0000000087700000, 0x0000000087800000, 0x0000000087800000|100%| O|  |TAMS 0x0000000087700000, 0x0000000087800000| Untracked 
| 120|0x0000000087800000, 0x0000000087900000, 0x0000000087900000|100%| O|  |TAMS 0x0000000087800000, 0x0000000087900000| Untracked 
| 121|0x0000000087900000, 0x0000000087a00000, 0x0000000087a00000|100%| O|  |TAMS 0x0000000087900000, 0x0000000087a00000| Untracked 
| 122|0x0000000087a00000, 0x0000000087b00000, 0x0000000087b00000|100%| O|  |TAMS 0x0000000087a00000, 0x0000000087b00000| Untracked 
| 123|0x0000000087b00000, 0x0000000087c00000, 0x0000000087c00000|100%| O|  |TAMS 0x0000000087b00000, 0x0000000087c00000| Untracked 
| 124|0x0000000087c00000, 0x0000000087d00000, 0x0000000087d00000|100%| O|  |TAMS 0x0000000087c00000, 0x0000000087d00000| Untracked 
| 125|0x0000000087d00000, 0x0000000087d95a00, 0x0000000087e00000| 58%| O|  |TAMS 0x0000000087d00000, 0x0000000087d69e00| Untracked 
| 126|0x0000000087e00000, 0x0000000087e00000, 0x0000000087f00000|  0%| F|  |TAMS 0x0000000087e00000, 0x0000000087e00000| Untracked 
| 127|0x0000000087f00000, 0x0000000087f00000, 0x0000000088000000|  0%| F|  |TAMS 0x0000000087f00000, 0x0000000087f00000| Untracked 
| 128|0x0000000088000000, 0x0000000088000000, 0x0000000088100000|  0%| F|  |TAMS 0x0000000088000000, 0x0000000088000000| Untracked 
| 129|0x0000000088100000, 0x0000000088100000, 0x0000000088200000|  0%| F|  |TAMS 0x0000000088100000, 0x0000000088100000| Untracked 
| 130|0x0000000088200000, 0x0000000088200000, 0x0000000088300000|  0%| F|  |TAMS 0x0000000088200000, 0x0000000088200000| Untracked 
| 131|0x0000000088300000, 0x0000000088300000, 0x0000000088400000|  0%| F|  |TAMS 0x0000000088300000, 0x0000000088300000| Untracked 
| 132|0x0000000088400000, 0x0000000088400000, 0x0000000088500000|  0%| F|  |TAMS 0x0000000088400000, 0x0000000088400000| Untracked 
| 133|0x0000000088500000, 0x0000000088500000, 0x0000000088600000|  0%| F|  |TAMS 0x0000000088500000, 0x0000000088500000| Untracked 
| 134|0x0000000088600000, 0x0000000088600000, 0x0000000088700000|  0%| F|  |TAMS 0x0000000088600000, 0x0000000088600000| Untracked 
| 135|0x0000000088700000, 0x0000000088700000, 0x0000000088800000|  0%| F|  |TAMS 0x0000000088700000, 0x0000000088700000| Untracked 
| 136|0x0000000088800000, 0x0000000088800000, 0x0000000088900000|  0%| F|  |TAMS 0x0000000088800000, 0x0000000088800000| Untracked 
| 137|0x0000000088900000, 0x0000000088900000, 0x0000000088a00000|  0%| F|  |TAMS 0x0000000088900000, 0x0000000088900000| Untracked 
| 138|0x0000000088a00000, 0x0000000088a00000, 0x0000000088b00000|  0%| F|  |TAMS 0x0000000088a00000, 0x0000000088a00000| Untracked 
| 139|0x0000000088b00000, 0x0000000088b00000, 0x0000000088c00000|  0%| F|  |TAMS 0x0000000088b00000, 0x0000000088b00000| Untracked 
| 140|0x0000000088c00000, 0x0000000088c00000, 0x0000000088d00000|  0%| F|  |TAMS 0x0000000088c00000, 0x0000000088c00000| Untracked 
| 141|0x0000000088d00000, 0x0000000088d00000, 0x0000000088e00000|  0%| F|  |TAMS 0x0000000088d00000, 0x0000000088d00000| Untracked 
| 142|0x0000000088e00000, 0x0000000088e00000, 0x0000000088f00000|  0%| F|  |TAMS 0x0000000088e00000, 0x0000000088e00000| Untracked 
| 143|0x0000000088f00000, 0x0000000088f00000, 0x0000000089000000|  0%| F|  |TAMS 0x0000000088f00000, 0x0000000088f00000| Untracked 
| 144|0x0000000089000000, 0x0000000089000000, 0x0000000089100000|  0%| F|  |TAMS 0x0000000089000000, 0x0000000089000000| Untracked 
| 145|0x0000000089100000, 0x0000000089100000, 0x0000000089200000|  0%| F|  |TAMS 0x0000000089100000, 0x0000000089100000| Untracked 
| 146|0x0000000089200000, 0x0000000089200000, 0x0000000089300000|  0%| F|  |TAMS 0x0000000089200000, 0x0000000089200000| Untracked 
| 147|0x0000000089300000, 0x0000000089300000, 0x0000000089400000|  0%| F|  |TAMS 0x0000000089300000, 0x0000000089300000| Untracked 
| 148|0x0000000089400000, 0x0000000089400000, 0x0000000089500000|  0%| F|  |TAMS 0x0000000089400000, 0x0000000089400000| Untracked 
| 149|0x0000000089500000, 0x0000000089500000, 0x0000000089600000|  0%| F|  |TAMS 0x0000000089500000, 0x0000000089500000| Untracked 
| 150|0x0000000089600000, 0x0000000089600000, 0x0000000089700000|  0%| F|  |TAMS 0x0000000089600000, 0x0000000089600000| Untracked 
| 151|0x0000000089700000, 0x0000000089700000, 0x0000000089800000|  0%| F|  |TAMS 0x0000000089700000, 0x0000000089700000| Untracked 
| 152|0x0000000089800000, 0x0000000089800000, 0x0000000089900000|  0%| F|  |TAMS 0x0000000089800000, 0x0000000089800000| Untracked 
| 153|0x0000000089900000, 0x0000000089900000, 0x0000000089a00000|  0%| F|  |TAMS 0x0000000089900000, 0x0000000089900000| Untracked 
| 154|0x0000000089a00000, 0x0000000089a00000, 0x0000000089b00000|  0%| F|  |TAMS 0x0000000089a00000, 0x0000000089a00000| Untracked 
| 155|0x0000000089b00000, 0x0000000089b00000, 0x0000000089c00000|  0%| F|  |TAMS 0x0000000089b00000, 0x0000000089b00000| Untracked 
| 156|0x0000000089c00000, 0x0000000089c00000, 0x0000000089d00000|  0%| F|  |TAMS 0x0000000089c00000, 0x0000000089c00000| Untracked 
| 157|0x0000000089d00000, 0x0000000089d00000, 0x0000000089e00000|  0%| F|  |TAMS 0x0000000089d00000, 0x0000000089d00000| Untracked 
| 158|0x0000000089e00000, 0x0000000089e00000, 0x0000000089f00000|  0%| F|  |TAMS 0x0000000089e00000, 0x0000000089e00000| Untracked 
| 159|0x0000000089f00000, 0x0000000089f00000, 0x000000008a000000|  0%| F|  |TAMS 0x0000000089f00000, 0x0000000089f00000| Untracked 
| 160|0x000000008a000000, 0x000000008a000000, 0x000000008a100000|  0%| F|  |TAMS 0x000000008a000000, 0x000000008a000000| Untracked 
| 161|0x000000008a100000, 0x000000008a100000, 0x000000008a200000|  0%| F|  |TAMS 0x000000008a100000, 0x000000008a100000| Untracked 
| 162|0x000000008a200000, 0x000000008a200000, 0x000000008a300000|  0%| F|  |TAMS 0x000000008a200000, 0x000000008a200000| Untracked 
| 163|0x000000008a300000, 0x000000008a300000, 0x000000008a400000|  0%| F|  |TAMS 0x000000008a300000, 0x000000008a300000| Untracked 
| 164|0x000000008a400000, 0x000000008a400000, 0x000000008a500000|  0%| F|  |TAMS 0x000000008a400000, 0x000000008a400000| Untracked 
| 165|0x000000008a500000, 0x000000008a500000, 0x000000008a600000|  0%| F|  |TAMS 0x000000008a500000, 0x000000008a500000| Untracked 
| 166|0x000000008a600000, 0x000000008a600000, 0x000000008a700000|  0%| F|  |TAMS 0x000000008a600000, 0x000000008a600000| Untracked 
| 167|0x000000008a700000, 0x000000008a700000, 0x000000008a800000|  0%| F|  |TAMS 0x000000008a700000, 0x000000008a700000| Untracked 
| 168|0x000000008a800000, 0x000000008a800000, 0x000000008a900000|  0%| F|  |TAMS 0x000000008a800000, 0x000000008a800000| Untracked 
| 169|0x000000008a900000, 0x000000008a900000, 0x000000008aa00000|  0%| F|  |TAMS 0x000000008a900000, 0x000000008a900000| Untracked 
| 170|0x000000008aa00000, 0x000000008aa00000, 0x000000008ab00000|  0%| F|  |TAMS 0x000000008aa00000, 0x000000008aa00000| Untracked 
| 171|0x000000008ab00000, 0x000000008ab00000, 0x000000008ac00000|  0%| F|  |TAMS 0x000000008ab00000, 0x000000008ab00000| Untracked 
| 172|0x000000008ac00000, 0x000000008ac00000, 0x000000008ad00000|  0%| F|  |TAMS 0x000000008ac00000, 0x000000008ac00000| Untracked 
| 173|0x000000008ad00000, 0x000000008ad00000, 0x000000008ae00000|  0%| F|  |TAMS 0x000000008ad00000, 0x000000008ad00000| Untracked 
| 174|0x000000008ae00000, 0x000000008ae00000, 0x000000008af00000|  0%| F|  |TAMS 0x000000008ae00000, 0x000000008ae00000| Untracked 
| 175|0x000000008af00000, 0x000000008af00000, 0x000000008b000000|  0%| F|  |TAMS 0x000000008af00000, 0x000000008af00000| Untracked 
| 176|0x000000008b000000, 0x000000008b000000, 0x000000008b100000|  0%| F|  |TAMS 0x000000008b000000, 0x000000008b000000| Untracked 
| 177|0x000000008b100000, 0x000000008b100000, 0x000000008b200000|  0%| F|  |TAMS 0x000000008b100000, 0x000000008b100000| Untracked 
| 178|0x000000008b200000, 0x000000008b200000, 0x000000008b300000|  0%| F|  |TAMS 0x000000008b200000, 0x000000008b200000| Untracked 
| 179|0x000000008b300000, 0x000000008b300000, 0x000000008b400000|  0%| F|  |TAMS 0x000000008b300000, 0x000000008b300000| Untracked 
| 180|0x000000008b400000, 0x000000008b400000, 0x000000008b500000|  0%| F|  |TAMS 0x000000008b400000, 0x000000008b400000| Untracked 
| 181|0x000000008b500000, 0x000000008b500000, 0x000000008b600000|  0%| F|  |TAMS 0x000000008b500000, 0x000000008b500000| Untracked 
| 182|0x000000008b600000, 0x000000008b600000, 0x000000008b700000|  0%| F|  |TAMS 0x000000008b600000, 0x000000008b600000| Untracked 
| 183|0x000000008b700000, 0x000000008b700000, 0x000000008b800000|  0%| F|  |TAMS 0x000000008b700000, 0x000000008b700000| Untracked 
| 184|0x000000008b800000, 0x000000008b800000, 0x000000008b900000|  0%| F|  |TAMS 0x000000008b800000, 0x000000008b800000| Untracked 
| 185|0x000000008b900000, 0x000000008b900000, 0x000000008ba00000|  0%| F|  |TAMS 0x000000008b900000, 0x000000008b900000| Untracked 
| 186|0x000000008ba00000, 0x000000008ba00000, 0x000000008bb00000|  0%| F|  |TAMS 0x000000008ba00000, 0x000000008ba00000| Untracked 
| 187|0x000000008bb00000, 0x000000008bb00000, 0x000000008bc00000|  0%| F|  |TAMS 0x000000008bb00000, 0x000000008bb00000| Untracked 
| 188|0x000000008bc00000, 0x000000008bc00000, 0x000000008bd00000|  0%| F|  |TAMS 0x000000008bc00000, 0x000000008bc00000| Untracked 
| 189|0x000000008bd00000, 0x000000008bd00000, 0x000000008be00000|  0%| F|  |TAMS 0x000000008bd00000, 0x000000008bd00000| Untracked 
| 190|0x000000008be00000, 0x000000008be00000, 0x000000008bf00000|  0%| F|  |TAMS 0x000000008be00000, 0x000000008be00000| Untracked 
| 191|0x000000008bf00000, 0x000000008bf00000, 0x000000008c000000|  0%| F|  |TAMS 0x000000008bf00000, 0x000000008bf00000| Untracked 
| 192|0x000000008c000000, 0x000000008c000000, 0x000000008c100000|  0%| F|  |TAMS 0x000000008c000000, 0x000000008c000000| Untracked 
| 193|0x000000008c100000, 0x000000008c100000, 0x000000008c200000|  0%| F|  |TAMS 0x000000008c100000, 0x000000008c100000| Untracked 
| 194|0x000000008c200000, 0x000000008c200000, 0x000000008c300000|  0%| F|  |TAMS 0x000000008c200000, 0x000000008c200000| Untracked 
| 195|0x000000008c300000, 0x000000008c300000, 0x000000008c400000|  0%| F|  |TAMS 0x000000008c300000, 0x000000008c300000| Untracked 
| 196|0x000000008c400000, 0x000000008c400000, 0x000000008c500000|  0%| F|  |TAMS 0x000000008c400000, 0x000000008c400000| Untracked 
| 197|0x000000008c500000, 0x000000008c500000, 0x000000008c600000|  0%| F|  |TAMS 0x000000008c500000, 0x000000008c500000| Untracked 
| 198|0x000000008c600000, 0x000000008c600000, 0x000000008c700000|  0%| F|  |TAMS 0x000000008c600000, 0x000000008c600000| Untracked 
| 199|0x000000008c700000, 0x000000008c700000, 0x000000008c800000|  0%| F|  |TAMS 0x000000008c700000, 0x000000008c700000| Untracked 
| 200|0x000000008c800000, 0x000000008c800000, 0x000000008c900000|  0%| F|  |TAMS 0x000000008c800000, 0x000000008c800000| Untracked 
| 201|0x000000008c900000, 0x000000008c900000, 0x000000008ca00000|  0%| F|  |TAMS 0x000000008c900000, 0x000000008c900000| Untracked 
| 202|0x000000008ca00000, 0x000000008ca00000, 0x000000008cb00000|  0%| F|  |TAMS 0x000000008ca00000, 0x000000008ca00000| Untracked 
| 203|0x000000008cb00000, 0x000000008cb00000, 0x000000008cc00000|  0%| F|  |TAMS 0x000000008cb00000, 0x000000008cb00000| Untracked 
| 204|0x000000008cc00000, 0x000000008cc00000, 0x000000008cd00000|  0%| F|  |TAMS 0x000000008cc00000, 0x000000008cc00000| Untracked 
| 205|0x000000008cd00000, 0x000000008cd00000, 0x000000008ce00000|  0%| F|  |TAMS 0x000000008cd00000, 0x000000008cd00000| Untracked 
| 206|0x000000008ce00000, 0x000000008ce00000, 0x000000008cf00000|  0%| F|  |TAMS 0x000000008ce00000, 0x000000008ce00000| Untracked 
| 207|0x000000008cf00000, 0x000000008cf00000, 0x000000008d000000|  0%| F|  |TAMS 0x000000008cf00000, 0x000000008cf00000| Untracked 
| 208|0x000000008d000000, 0x000000008d000000, 0x000000008d100000|  0%| F|  |TAMS 0x000000008d000000, 0x000000008d000000| Untracked 
| 209|0x000000008d100000, 0x000000008d100000, 0x000000008d200000|  0%| F|  |TAMS 0x000000008d100000, 0x000000008d100000| Untracked 
| 210|0x000000008d200000, 0x000000008d200000, 0x000000008d300000|  0%| F|  |TAMS 0x000000008d200000, 0x000000008d200000| Untracked 
| 211|0x000000008d300000, 0x000000008d300000, 0x000000008d400000|  0%| F|  |TAMS 0x000000008d300000, 0x000000008d300000| Untracked 
| 212|0x000000008d400000, 0x000000008d400000, 0x000000008d500000|  0%| F|  |TAMS 0x000000008d400000, 0x000000008d400000| Untracked 
| 213|0x000000008d500000, 0x000000008d500000, 0x000000008d600000|  0%| F|  |TAMS 0x000000008d500000, 0x000000008d500000| Untracked 
| 214|0x000000008d600000, 0x000000008d600000, 0x000000008d700000|  0%| F|  |TAMS 0x000000008d600000, 0x000000008d600000| Untracked 
| 215|0x000000008d700000, 0x000000008d700000, 0x000000008d800000|  0%| F|  |TAMS 0x000000008d700000, 0x000000008d700000| Untracked 
| 216|0x000000008d800000, 0x000000008d800000, 0x000000008d900000|  0%| F|  |TAMS 0x000000008d800000, 0x000000008d800000| Untracked 
| 217|0x000000008d900000, 0x000000008d900000, 0x000000008da00000|  0%| F|  |TAMS 0x000000008d900000, 0x000000008d900000| Untracked 
| 218|0x000000008da00000, 0x000000008da00000, 0x000000008db00000|  0%| F|  |TAMS 0x000000008da00000, 0x000000008da00000| Untracked 
| 219|0x000000008db00000, 0x000000008db00000, 0x000000008dc00000|  0%| F|  |TAMS 0x000000008db00000, 0x000000008db00000| Untracked 
| 220|0x000000008dc00000, 0x000000008dc00000, 0x000000008dd00000|  0%| F|  |TAMS 0x000000008dc00000, 0x000000008dc00000| Untracked 
| 221|0x000000008dd00000, 0x000000008dd00000, 0x000000008de00000|  0%| F|  |TAMS 0x000000008dd00000, 0x000000008dd00000| Untracked 
| 222|0x000000008de00000, 0x000000008de00000, 0x000000008df00000|  0%| F|  |TAMS 0x000000008de00000, 0x000000008de00000| Untracked 
| 223|0x000000008df00000, 0x000000008df00000, 0x000000008e000000|  0%| F|  |TAMS 0x000000008df00000, 0x000000008df00000| Untracked 
| 224|0x000000008e000000, 0x000000008e000000, 0x000000008e100000|  0%| F|  |TAMS 0x000000008e000000, 0x000000008e000000| Untracked 
| 225|0x000000008e100000, 0x000000008e100000, 0x000000008e200000|  0%| F|  |TAMS 0x000000008e100000, 0x000000008e100000| Untracked 
| 226|0x000000008e200000, 0x000000008e200000, 0x000000008e300000|  0%| F|  |TAMS 0x000000008e200000, 0x000000008e200000| Untracked 
| 227|0x000000008e300000, 0x000000008e300000, 0x000000008e400000|  0%| F|  |TAMS 0x000000008e300000, 0x000000008e300000| Untracked 
| 228|0x000000008e400000, 0x000000008e400000, 0x000000008e500000|  0%| F|  |TAMS 0x000000008e400000, 0x000000008e400000| Untracked 
| 229|0x000000008e500000, 0x000000008e500000, 0x000000008e600000|  0%| F|  |TAMS 0x000000008e500000, 0x000000008e500000| Untracked 
| 230|0x000000008e600000, 0x000000008e600000, 0x000000008e700000|  0%| F|  |TAMS 0x000000008e600000, 0x000000008e600000| Untracked 
| 231|0x000000008e700000, 0x000000008e700000, 0x000000008e800000|  0%| F|  |TAMS 0x000000008e700000, 0x000000008e700000| Untracked 
| 232|0x000000008e800000, 0x000000008e800000, 0x000000008e900000|  0%| F|  |TAMS 0x000000008e800000, 0x000000008e800000| Untracked 
| 233|0x000000008e900000, 0x000000008e900000, 0x000000008ea00000|  0%| F|  |TAMS 0x000000008e900000, 0x000000008e900000| Untracked 
| 234|0x000000008ea00000, 0x000000008ea00000, 0x000000008eb00000|  0%| F|  |TAMS 0x000000008ea00000, 0x000000008ea00000| Untracked 
| 235|0x000000008eb00000, 0x000000008eb00000, 0x000000008ec00000|  0%| F|  |TAMS 0x000000008eb00000, 0x000000008eb00000| Untracked 
| 236|0x000000008ec00000, 0x000000008ec00000, 0x000000008ed00000|  0%| F|  |TAMS 0x000000008ec00000, 0x000000008ec00000| Untracked 
| 237|0x000000008ed00000, 0x000000008ed00000, 0x000000008ee00000|  0%| F|  |TAMS 0x000000008ed00000, 0x000000008ed00000| Untracked 
| 238|0x000000008ee00000, 0x000000008ee00000, 0x000000008ef00000|  0%| F|  |TAMS 0x000000008ee00000, 0x000000008ee00000| Untracked 
| 239|0x000000008ef00000, 0x000000008ef00000, 0x000000008f000000|  0%| F|  |TAMS 0x000000008ef00000, 0x000000008ef00000| Untracked 
| 240|0x000000008f000000, 0x000000008f000000, 0x000000008f100000|  0%| F|  |TAMS 0x000000008f000000, 0x000000008f000000| Untracked 
| 241|0x000000008f100000, 0x000000008f100000, 0x000000008f200000|  0%| F|  |TAMS 0x000000008f100000, 0x000000008f100000| Untracked 
| 242|0x000000008f200000, 0x000000008f200000, 0x000000008f300000|  0%| F|  |TAMS 0x000000008f200000, 0x000000008f200000| Untracked 
| 243|0x000000008f300000, 0x000000008f300000, 0x000000008f400000|  0%| F|  |TAMS 0x000000008f300000, 0x000000008f300000| Untracked 
| 244|0x000000008f400000, 0x000000008f400000, 0x000000008f500000|  0%| F|  |TAMS 0x000000008f400000, 0x000000008f400000| Untracked 
| 245|0x000000008f500000, 0x000000008f500000, 0x000000008f600000|  0%| F|  |TAMS 0x000000008f500000, 0x000000008f500000| Untracked 
| 246|0x000000008f600000, 0x000000008f600000, 0x000000008f700000|  0%| F|  |TAMS 0x000000008f600000, 0x000000008f600000| Untracked 
| 247|0x000000008f700000, 0x000000008f700000, 0x000000008f800000|  0%| F|  |TAMS 0x000000008f700000, 0x000000008f700000| Untracked 
| 248|0x000000008f800000, 0x000000008f800000, 0x000000008f900000|  0%| F|  |TAMS 0x000000008f800000, 0x000000008f800000| Untracked 
| 249|0x000000008f900000, 0x000000008f900000, 0x000000008fa00000|  0%| F|  |TAMS 0x000000008f900000, 0x000000008f900000| Untracked 
| 250|0x000000008fa00000, 0x000000008fa00000, 0x000000008fb00000|  0%| F|  |TAMS 0x000000008fa00000, 0x000000008fa00000| Untracked 
| 251|0x000000008fb00000, 0x000000008fb00000, 0x000000008fc00000|  0%| F|  |TAMS 0x000000008fb00000, 0x000000008fb00000| Untracked 
| 252|0x000000008fc00000, 0x000000008fc00000, 0x000000008fd00000|  0%| F|  |TAMS 0x000000008fc00000, 0x000000008fc00000| Untracked 
| 253|0x000000008fd00000, 0x000000008fd00000, 0x000000008fe00000|  0%| F|  |TAMS 0x000000008fd00000, 0x000000008fd00000| Untracked 
| 254|0x000000008fe00000, 0x000000008fe00000, 0x000000008ff00000|  0%| F|  |TAMS 0x000000008fe00000, 0x000000008fe00000| Untracked 
| 255|0x000000008ff00000, 0x000000008ff00000, 0x0000000090000000|  0%| F|  |TAMS 0x000000008ff00000, 0x000000008ff00000| Untracked 
| 256|0x0000000090000000, 0x0000000090000000, 0x0000000090100000|  0%| F|  |TAMS 0x0000000090000000, 0x0000000090000000| Untracked 
| 257|0x0000000090100000, 0x0000000090100000, 0x0000000090200000|  0%| F|  |TAMS 0x0000000090100000, 0x0000000090100000| Untracked 
| 258|0x0000000090200000, 0x0000000090200000, 0x0000000090300000|  0%| F|  |TAMS 0x0000000090200000, 0x0000000090200000| Untracked 
| 259|0x0000000090300000, 0x0000000090300000, 0x0000000090400000|  0%| F|  |TAMS 0x0000000090300000, 0x0000000090300000| Untracked 
| 260|0x0000000090400000, 0x0000000090400000, 0x0000000090500000|  0%| F|  |TAMS 0x0000000090400000, 0x0000000090400000| Untracked 
| 261|0x0000000090500000, 0x0000000090500000, 0x0000000090600000|  0%| F|  |TAMS 0x0000000090500000, 0x0000000090500000| Untracked 
| 262|0x0000000090600000, 0x0000000090600000, 0x0000000090700000|  0%| F|  |TAMS 0x0000000090600000, 0x0000000090600000| Untracked 
| 263|0x0000000090700000, 0x0000000090700000, 0x0000000090800000|  0%| F|  |TAMS 0x0000000090700000, 0x0000000090700000| Untracked 
| 264|0x0000000090800000, 0x0000000090800000, 0x0000000090900000|  0%| F|  |TAMS 0x0000000090800000, 0x0000000090800000| Untracked 
| 265|0x0000000090900000, 0x0000000090900000, 0x0000000090a00000|  0%| F|  |TAMS 0x0000000090900000, 0x0000000090900000| Untracked 
| 266|0x0000000090a00000, 0x0000000090a00000, 0x0000000090b00000|  0%| F|  |TAMS 0x0000000090a00000, 0x0000000090a00000| Untracked 
| 267|0x0000000090b00000, 0x0000000090b00000, 0x0000000090c00000|  0%| F|  |TAMS 0x0000000090b00000, 0x0000000090b00000| Untracked 
| 268|0x0000000090c00000, 0x0000000090c00000, 0x0000000090d00000|  0%| F|  |TAMS 0x0000000090c00000, 0x0000000090c00000| Untracked 
| 269|0x0000000090d00000, 0x0000000090d00000, 0x0000000090e00000|  0%| F|  |TAMS 0x0000000090d00000, 0x0000000090d00000| Untracked 
| 270|0x0000000090e00000, 0x0000000090e00000, 0x0000000090f00000|  0%| F|  |TAMS 0x0000000090e00000, 0x0000000090e00000| Untracked 
| 271|0x0000000090f00000, 0x0000000090f00000, 0x0000000091000000|  0%| F|  |TAMS 0x0000000090f00000, 0x0000000090f00000| Untracked 
| 272|0x0000000091000000, 0x0000000091000000, 0x0000000091100000|  0%| F|  |TAMS 0x0000000091000000, 0x0000000091000000| Untracked 
| 273|0x0000000091100000, 0x0000000091100000, 0x0000000091200000|  0%| F|  |TAMS 0x0000000091100000, 0x0000000091100000| Untracked 
| 274|0x0000000091200000, 0x0000000091200000, 0x0000000091300000|  0%| F|  |TAMS 0x0000000091200000, 0x0000000091200000| Untracked 
| 275|0x0000000091300000, 0x0000000091300000, 0x0000000091400000|  0%| F|  |TAMS 0x0000000091300000, 0x0000000091300000| Untracked 
| 276|0x0000000091400000, 0x0000000091400000, 0x0000000091500000|  0%| F|  |TAMS 0x0000000091400000, 0x0000000091400000| Untracked 
| 277|0x0000000091500000, 0x0000000091500000, 0x0000000091600000|  0%| F|  |TAMS 0x0000000091500000, 0x0000000091500000| Untracked 
| 278|0x0000000091600000, 0x0000000091600000, 0x0000000091700000|  0%| F|  |TAMS 0x0000000091600000, 0x0000000091600000| Untracked 
| 279|0x0000000091700000, 0x0000000091700000, 0x0000000091800000|  0%| F|  |TAMS 0x0000000091700000, 0x0000000091700000| Untracked 
| 280|0x0000000091800000, 0x0000000091800000, 0x0000000091900000|  0%| F|  |TAMS 0x0000000091800000, 0x0000000091800000| Untracked 
| 281|0x0000000091900000, 0x0000000091900000, 0x0000000091a00000|  0%| F|  |TAMS 0x0000000091900000, 0x0000000091900000| Untracked 
| 282|0x0000000091a00000, 0x0000000091a00000, 0x0000000091b00000|  0%| F|  |TAMS 0x0000000091a00000, 0x0000000091a00000| Untracked 
| 283|0x0000000091b00000, 0x0000000091b00000, 0x0000000091c00000|  0%| F|  |TAMS 0x0000000091b00000, 0x0000000091b00000| Untracked 
| 284|0x0000000091c00000, 0x0000000091c00000, 0x0000000091d00000|  0%| F|  |TAMS 0x0000000091c00000, 0x0000000091c00000| Untracked 
| 285|0x0000000091d00000, 0x0000000091d00000, 0x0000000091e00000|  0%| F|  |TAMS 0x0000000091d00000, 0x0000000091d00000| Untracked 
| 286|0x0000000091e00000, 0x0000000091e00000, 0x0000000091f00000|  0%| F|  |TAMS 0x0000000091e00000, 0x0000000091e00000| Untracked 
| 287|0x0000000091f00000, 0x0000000091f00000, 0x0000000092000000|  0%| F|  |TAMS 0x0000000091f00000, 0x0000000091f00000| Untracked 
| 288|0x0000000092000000, 0x0000000092000000, 0x0000000092100000|  0%| F|  |TAMS 0x0000000092000000, 0x0000000092000000| Untracked 
| 289|0x0000000092100000, 0x0000000092100000, 0x0000000092200000|  0%| F|  |TAMS 0x0000000092100000, 0x0000000092100000| Untracked 
| 290|0x0000000092200000, 0x0000000092200000, 0x0000000092300000|  0%| F|  |TAMS 0x0000000092200000, 0x0000000092200000| Untracked 
| 291|0x0000000092300000, 0x0000000092300000, 0x0000000092400000|  0%| F|  |TAMS 0x0000000092300000, 0x0000000092300000| Untracked 
| 292|0x0000000092400000, 0x0000000092400000, 0x0000000092500000|  0%| F|  |TAMS 0x0000000092400000, 0x0000000092400000| Untracked 
| 293|0x0000000092500000, 0x0000000092500000, 0x0000000092600000|  0%| F|  |TAMS 0x0000000092500000, 0x0000000092500000| Untracked 
| 294|0x0000000092600000, 0x0000000092600000, 0x0000000092700000|  0%| F|  |TAMS 0x0000000092600000, 0x0000000092600000| Untracked 
| 295|0x0000000092700000, 0x0000000092700000, 0x0000000092800000|  0%| F|  |TAMS 0x0000000092700000, 0x0000000092700000| Untracked 
| 296|0x0000000092800000, 0x0000000092800000, 0x0000000092900000|  0%| F|  |TAMS 0x0000000092800000, 0x0000000092800000| Untracked 
| 297|0x0000000092900000, 0x0000000092900000, 0x0000000092a00000|  0%| F|  |TAMS 0x0000000092900000, 0x0000000092900000| Untracked 
| 298|0x0000000092a00000, 0x0000000092a0e818, 0x0000000092b00000|  5%| S|CS|TAMS 0x0000000092a00000, 0x0000000092a00000| Complete 
| 299|0x0000000092b00000, 0x0000000092c00000, 0x0000000092c00000|100%| S|CS|TAMS 0x0000000092b00000, 0x0000000092b00000| Complete 
| 300|0x0000000092c00000, 0x0000000092c00000, 0x0000000092d00000|  0%| F|  |TAMS 0x0000000092c00000, 0x0000000092c00000| Untracked 
| 301|0x0000000092d00000, 0x0000000092d00000, 0x0000000092e00000|  0%| F|  |TAMS 0x0000000092d00000, 0x0000000092d00000| Untracked 
| 302|0x0000000092e00000, 0x0000000092e00000, 0x0000000092f00000|  0%| F|  |TAMS 0x0000000092e00000, 0x0000000092e00000| Untracked 
| 303|0x0000000092f00000, 0x0000000092f00000, 0x0000000093000000|  0%| F|  |TAMS 0x0000000092f00000, 0x0000000092f00000| Untracked 
| 304|0x0000000093000000, 0x0000000093000000, 0x0000000093100000|  0%| F|  |TAMS 0x0000000093000000, 0x0000000093000000| Untracked 
| 305|0x0000000093100000, 0x0000000093100000, 0x0000000093200000|  0%| F|  |TAMS 0x0000000093100000, 0x0000000093100000| Untracked 
| 306|0x0000000093200000, 0x0000000093200000, 0x0000000093300000|  0%| F|  |TAMS 0x0000000093200000, 0x0000000093200000| Untracked 
| 307|0x0000000093300000, 0x0000000093300000, 0x0000000093400000|  0%| F|  |TAMS 0x0000000093300000, 0x0000000093300000| Untracked 
| 308|0x0000000093400000, 0x0000000093400000, 0x0000000093500000|  0%| F|  |TAMS 0x0000000093400000, 0x0000000093400000| Untracked 
| 309|0x0000000093500000, 0x0000000093500000, 0x0000000093600000|  0%| F|  |TAMS 0x0000000093500000, 0x0000000093500000| Untracked 
| 310|0x0000000093600000, 0x0000000093600000, 0x0000000093700000|  0%| F|  |TAMS 0x0000000093600000, 0x0000000093600000| Untracked 
| 311|0x0000000093700000, 0x0000000093700000, 0x0000000093800000|  0%| F|  |TAMS 0x0000000093700000, 0x0000000093700000| Untracked 
| 312|0x0000000093800000, 0x0000000093800000, 0x0000000093900000|  0%| F|  |TAMS 0x0000000093800000, 0x0000000093800000| Untracked 
| 313|0x0000000093900000, 0x0000000093900000, 0x0000000093a00000|  0%| F|  |TAMS 0x0000000093900000, 0x0000000093900000| Untracked 
| 314|0x0000000093a00000, 0x0000000093a00000, 0x0000000093b00000|  0%| F|  |TAMS 0x0000000093a00000, 0x0000000093a00000| Untracked 

Card table byte_map: [0x00000203a2970000,0x00000203a2d70000] _byte_map_base: 0x00000203a2570000

Marking Bits (Prev, Next): (CMBitMap*) 0x00000203900f6550, (CMBitMap*) 0x00000203900f6510
 Prev Bits: [0x00000203a5170000, 0x00000203a7170000)
 Next Bits: [0x00000203a3170000, 0x00000203a5170000)

Polling page: 0x000002038de60000

Metaspace:

Usage:
  Non-class:     99.58 MB used.
      Class:     15.77 MB used.
       Both:    115.35 MB used.

Virtual space:
  Non-class space:      104.00 MB reserved,     100.00 MB ( 96%) committed,  13 nodes.
      Class space:        1.00 GB reserved,      16.12 MB (  2%) committed,  1 nodes.
             Both:        1.10 GB reserved,     116.12 MB ( 10%) committed. 

Chunk freelists:
   Non-Class:  3.17 MB
       Class:  3.69 MB
        Both:  6.86 MB

MaxMetaspaceSize: unlimited
CompressedClassSpaceSize: 1.00 GB
Initial GC threshold: 21.00 MB
Current GC threshold: 193.12 MB
CDS: off
MetaspaceReclaimPolicy: balanced
 - commit_granule_bytes: 65536.
 - commit_granule_words: 8192.
 - virtual_space_node_default_size: 1048576.
 - enlarge_chunks_in_place: 1.
 - new_chunks_are_fully_committed: 0.
 - uncommit_free_chunks: 1.
 - use_allocation_guard: 0.
 - handle_deallocations: 1.


Internal statistics:

num_allocs_failed_limit: 33.
num_arena_births: 1256.
num_arena_deaths: 0.
num_vsnodes_births: 14.
num_vsnodes_deaths: 0.
num_space_committed: 1858.
num_space_uncommitted: 0.
num_chunks_returned_to_freelist: 33.
num_chunks_taken_from_freelist: 5743.
num_chunk_merges: 31.
num_chunk_splits: 3856.
num_chunks_enlarged: 2621.
num_purges: 0.
num_inconsistent_stats: 0.

CodeHeap 'non-profiled nmethods': size=120000Kb used=7355Kb max_used=7355Kb free=112644Kb
 bounds [0x000002039b040000, 0x000002039b770000, 0x00000203a2570000]
CodeHeap 'profiled nmethods': size=120000Kb used=29514Kb max_used=29514Kb free=90485Kb
 bounds [0x0000020393570000, 0x0000020395250000, 0x000002039aaa0000]
CodeHeap 'non-nmethods': size=5760Kb used=2442Kb max_used=2497Kb free=3317Kb
 bounds [0x000002039aaa0000, 0x000002039ad20000, 0x000002039b040000]
 total_blobs=15370 nmethods=14386 adapters=895
 compilation: enabled
              stopped_count=0, restarted_count=0
 full_count=0

Compilation events (20 events):
Event: 84.263 Thread 0x00000203aa010e60 17016       2       com.android.tools.r8.internal.M6::a (19 bytes)
Event: 84.263 Thread 0x00000203aa010e60 nmethod 17016 0x000002039523ec90 code [0x000002039523ee40, 0x000002039523efe8]
Event: 84.264 Thread 0x00000203aa010e60 17020       2       com.android.tools.r8.internal.t9::a (19 bytes)
Event: 84.264 Thread 0x00000203aa010e60 nmethod 17020 0x000002039523f190 code [0x000002039523f360, 0x000002039523f588]
Event: 84.264 Thread 0x00000203aa010e60 17017       2       com.android.tools.r8.internal.M6::a (16 bytes)
Event: 84.264 Thread 0x00000203aa010e60 nmethod 17017 0x000002039523f790 code [0x000002039523f920, 0x000002039523fa68]
Event: 84.264 Thread 0x00000203aa010e60 17018       2       com.android.tools.r8.internal.hl::a (58 bytes)
Event: 84.265 Thread 0x00000203aa010e60 nmethod 17018 0x000002039523fb90 code [0x000002039523fd80, 0x0000020395240078]
Event: 84.265 Thread 0x00000203aa010e60 17019       2       com.android.tools.r8.internal.t9::<init> (18 bytes)
Event: 84.265 Thread 0x00000203aa010e60 nmethod 17019 0x0000020395240310 code [0x00000203952404a0, 0x0000020395240648]
Event: 84.266 Thread 0x00000203aa010e60 17021       2       com.android.tools.r8.internal.t9::a (161 bytes)
Event: 84.267 Thread 0x00000203aa010e60 nmethod 17021 0x0000020395240710 code [0x00000203952409a0, 0x00000203952413b8]
Event: 84.267 Thread 0x00000203aa010e60 17022       2       com.android.tools.r8.internal.t9::c (21 bytes)
Event: 84.268 Thread 0x00000203aa010e60 nmethod 17022 0x0000020395241990 code [0x0000020395241b20, 0x0000020395241cc8]
Event: 84.268 Thread 0x00000203aa010e60 17023       2       com.android.tools.r8.internal.Hl::<init> (11 bytes)
Event: 84.268 Thread 0x00000203aa010e60 nmethod 17023 0x0000020395241d90 code [0x0000020395241f40, 0x00000203952420c8]
Event: 84.268 Thread 0x00000203aa010e60 17024       2       com.android.tools.r8.internal.fu::<init> (7 bytes)
Event: 84.268 Thread 0x00000203aa010e60 nmethod 17024 0x0000020395242190 code [0x0000020395242320, 0x0000020395242448]
Event: 84.276 Thread 0x00000203aa010e60 17025       2       com.android.tools.r8.dex.code.O1::<init> (16 bytes)
Event: 84.277 Thread 0x00000203aa010e60 nmethod 17025 0x0000020395242510 code [0x00000203952426a0, 0x00000203952427c8]

GC Heap History (20 events):
Event: 33.155 GC heap after
{Heap after GC invocations=34 (full 0):
 garbage-first heap   total 322560K, used 76455K [0x0000000080000000, 0x0000000100000000)
  region size 1024K, 14 young (14336K), 14 survivors (14336K)
 Metaspace       used 92333K, committed 92992K, reserved 1130496K
  class space    used 12614K, committed 12928K, reserved 1048576K
}
Event: 45.491 GC heap before
{Heap before GC invocations=34 (full 0):
 garbage-first heap   total 322560K, used 238247K [0x0000000080000000, 0x0000000100000000)
  region size 1024K, 172 young (176128K), 14 survivors (14336K)
 Metaspace       used 96636K, committed 97280K, reserved 1138688K
  class space    used 13190K, committed 13504K, reserved 1048576K
}
Event: 45.651 GC heap after
{Heap after GC invocations=35 (full 0):
 garbage-first heap   total 322560K, used 92771K [0x0000000080000000, 0x0000000100000000)
  region size 1024K, 22 young (22528K), 22 survivors (22528K)
 Metaspace       used 96636K, committed 97280K, reserved 1138688K
  class space    used 13190K, committed 13504K, reserved 1048576K
}
Event: 57.479 GC heap before
{Heap before GC invocations=35 (full 0):
 garbage-first heap   total 322560K, used 241251K [0x0000000080000000, 0x0000000100000000)
  region size 1024K, 168 young (172032K), 22 survivors (22528K)
 Metaspace       used 101110K, committed 101888K, reserved 1138688K
  class space    used 13767K, committed 14144K, reserved 1048576K
}
Event: 57.685 GC heap after
{Heap after GC invocations=36 (full 0):
 garbage-first heap   total 322560K, used 104960K [0x0000000080000000, 0x0000000100000000)
  region size 1024K, 12 young (12288K), 12 survivors (12288K)
 Metaspace       used 101110K, committed 101888K, reserved 1138688K
  class space    used 13767K, committed 14144K, reserved 1048576K
}
Event: 70.899 GC heap before
{Heap before GC invocations=36 (full 0):
 garbage-first heap   total 322560K, used 248320K [0x0000000080000000, 0x0000000100000000)
  region size 1024K, 153 young (156672K), 12 survivors (12288K)
 Metaspace       used 112024K, committed 112768K, reserved 1146880K
  class space    used 15365K, committed 15744K, reserved 1048576K
}
Event: 71.228 GC heap after
{Heap after GC invocations=37 (full 0):
 garbage-first heap   total 322560K, used 129024K [0x0000000080000000, 0x0000000100000000)
  region size 1024K, 20 young (20480K), 20 survivors (20480K)
 Metaspace       used 112024K, committed 112768K, reserved 1146880K
  class space    used 15365K, committed 15744K, reserved 1048576K
}
Event: 75.337 GC heap before
{Heap before GC invocations=37 (full 0):
 garbage-first heap   total 322560K, used 193536K [0x0000000080000000, 0x0000000100000000)
  region size 1024K, 84 young (86016K), 20 survivors (20480K)
 Metaspace       used 115810K, committed 116608K, reserved 1155072K
  class space    used 15855K, committed 16256K, reserved 1048576K
}
Event: 76.854 GC heap after
{Heap after GC invocations=38 (full 0):
 garbage-first heap   total 322560K, used 129536K [0x0000000080000000, 0x0000000100000000)
  region size 1024K, 2 young (2048K), 2 survivors (2048K)
 Metaspace       used 115810K, committed 116608K, reserved 1155072K
  class space    used 15855K, committed 16256K, reserved 1048576K
}
Event: 77.274 GC heap before
{Heap before GC invocations=38 (full 0):
 garbage-first heap   total 322560K, used 141824K [0x0000000080000000, 0x0000000100000000)
  region size 1024K, 15 young (15360K), 2 survivors (2048K)
 Metaspace       used 116369K, committed 117184K, reserved 1155072K
  class space    used 15907K, committed 16320K, reserved 1048576K
}
Event: 77.281 GC heap after
{Heap after GC invocations=39 (full 0):
 garbage-first heap   total 322560K, used 128764K [0x0000000080000000, 0x0000000100000000)
  region size 1024K, 2 young (2048K), 2 survivors (2048K)
 Metaspace       used 116369K, committed 117184K, reserved 1155072K
  class space    used 15907K, committed 16320K, reserved 1048576K
}
Event: 77.883 GC heap before
{Heap before GC invocations=39 (full 0):
 garbage-first heap   total 322560K, used 148220K [0x0000000080000000, 0x0000000100000000)
  region size 1024K, 21 young (21504K), 2 survivors (2048K)
 Metaspace       used 117179K, committed 117952K, reserved 1155072K
  class space    used 16018K, committed 16384K, reserved 1048576K
}
Event: 77.904 GC heap after
{Heap after GC invocations=40 (full 0):
 garbage-first heap   total 322560K, used 128697K [0x0000000080000000, 0x0000000100000000)
  region size 1024K, 2 young (2048K), 2 survivors (2048K)
 Metaspace       used 117179K, committed 117952K, reserved 1155072K
  class space    used 16018K, committed 16384K, reserved 1048576K
}
Event: 78.269 GC heap before
{Heap before GC invocations=40 (full 0):
 garbage-first heap   total 322560K, used 154297K [0x0000000080000000, 0x0000000100000000)
  region size 1024K, 27 young (27648K), 2 survivors (2048K)
 Metaspace       used 117626K, committed 118400K, reserved 1155072K
  class space    used 16077K, committed 16448K, reserved 1048576K
}
Event: 78.276 GC heap after
{Heap after GC invocations=41 (full 0):
 garbage-first heap   total 322560K, used 129318K [0x0000000080000000, 0x0000000100000000)
  region size 1024K, 2 young (2048K), 2 survivors (2048K)
 Metaspace       used 117626K, committed 118400K, reserved 1155072K
  class space    used 16077K, committed 16448K, reserved 1048576K
}
Event: 82.939 GC heap before
{Heap before GC invocations=42 (full 0):
 garbage-first heap   total 322560K, used 257318K [0x0000000080000000, 0x0000000100000000)
  region size 1024K, 127 young (130048K), 2 survivors (2048K)
 Metaspace       used 118085K, committed 118848K, reserved 1155072K
  class space    used 16144K, committed 16512K, reserved 1048576K
}
Event: 82.949 GC heap after
{Heap after GC invocations=43 (full 0):
 garbage-first heap   total 322560K, used 129260K [0x0000000080000000, 0x0000000100000000)
  region size 1024K, 2 young (2048K), 2 survivors (2048K)
 Metaspace       used 118085K, committed 118848K, reserved 1155072K
  class space    used 16144K, committed 16512K, reserved 1048576K
}
Event: 83.207 GC heap before
{Heap before GC invocations=43 (full 0):
 garbage-first heap   total 322560K, used 142572K [0x0000000080000000, 0x0000000100000000)
  region size 1024K, 15 young (15360K), 2 survivors (2048K)
 Metaspace       used 118103K, committed 118848K, reserved 1155072K
  class space    used 16147K, committed 16512K, reserved 1048576K
}
Event: 84.171 GC heap after
{Heap after GC invocations=44 (full 0):
 garbage-first heap   total 322560K, used 128575K [0x0000000080000000, 0x0000000100000000)
  region size 1024K, 2 young (2048K), 2 survivors (2048K)
 Metaspace       used 118103K, committed 118848K, reserved 1155072K
  class space    used 16147K, committed 16512K, reserved 1048576K
}
Event: 84.295 GC heap before
{Heap before GC invocations=44 (full 0):
 garbage-first heap   total 322560K, used 141887K [0x0000000080000000, 0x0000000100000000)
  region size 1024K, 15 young (15360K), 2 survivors (2048K)
 Metaspace       used 118117K, committed 118912K, reserved 1155072K
  class space    used 16149K, committed 16512K, reserved 1048576K
}

Dll operation events (2 events):
Event: 0.011 Loaded shared library C:\Program Files\Android\Android Studio\jbr\bin\java.dll
Event: 0.838 Loaded shared library C:\Program Files\Android\Android Studio\jbr\bin\verify.dll

Deoptimization events (20 events):
Event: 79.706 Thread 0x00000203aeb73af0 Uncommon trap: trap_request=0xffffffde fr.pc=0x000002039b702140 relative=0x0000000000005a20
Event: 79.706 Thread 0x00000203aeb73af0 Uncommon trap: reason=class_check action=maybe_recompile pc=0x000002039b702140 method=com.android.tools.r8.internal.B8.a(Lcom/android/tools/r8/internal/hl;IZ)V @ 672 c2
Event: 79.706 Thread 0x00000203aeb73af0 DEOPT PACKING pc=0x000002039b702140 sp=0x000000dc09bf9c60
Event: 79.706 Thread 0x00000203aeb73af0 DEOPT UNPACKING pc=0x000002039aaf69a3 sp=0x000000dc09bf9c60 mode 2
Event: 80.993 Thread 0x00000203aeb73af0 Uncommon trap: trap_request=0xffffff76 fr.pc=0x000002039b731288 relative=0x0000000000006348
Event: 80.993 Thread 0x00000203aeb73af0 Uncommon trap: reason=predicate action=maybe_recompile pc=0x000002039b731288 method=com.android.tools.r8.internal.NL.a(Lcom/android/tools/r8/internal/hl;Ljava/util/Set;)Z @ 331 c2
Event: 80.993 Thread 0x00000203aeb73af0 DEOPT PACKING pc=0x000002039b731288 sp=0x000000dc09bf9570
Event: 80.993 Thread 0x00000203aeb73af0 DEOPT UNPACKING pc=0x000002039aaf69a3 sp=0x000000dc09bf95d8 mode 2
Event: 82.170 Thread 0x00000203aeb73af0 Uncommon trap: trap_request=0xffffffde fr.pc=0x000002039b702140 relative=0x0000000000005a20
Event: 82.170 Thread 0x00000203aeb73af0 Uncommon trap: reason=class_check action=maybe_recompile pc=0x000002039b702140 method=com.android.tools.r8.internal.B8.a(Lcom/android/tools/r8/internal/hl;IZ)V @ 672 c2
Event: 82.170 Thread 0x00000203aeb73af0 DEOPT PACKING pc=0x000002039b702140 sp=0x000000dc09bf9c80
Event: 82.170 Thread 0x00000203aeb73af0 DEOPT UNPACKING pc=0x000002039aaf69a3 sp=0x000000dc09bf9c80 mode 2
Event: 82.597 Thread 0x00000203aeb73af0 DEOPT PACKING pc=0x000002039507134e sp=0x000000dc09bf9e50
Event: 82.597 Thread 0x00000203aeb73af0 DEOPT UNPACKING pc=0x000002039aaf7143 sp=0x000000dc09bf9530 mode 0
Event: 82.959 Thread 0x00000203aeb73af0 DEOPT PACKING pc=0x0000020394ec6975 sp=0x000000dc09bf9f80
Event: 82.959 Thread 0x00000203aeb73af0 DEOPT UNPACKING pc=0x000002039aaf7143 sp=0x000000dc09bf9520 mode 0
Event: 84.258 Thread 0x00000203aeb73af0 Uncommon trap: trap_request=0xffffffde fr.pc=0x000002039b702140 relative=0x0000000000005a20
Event: 84.259 Thread 0x00000203aeb73af0 Uncommon trap: reason=class_check action=maybe_recompile pc=0x000002039b702140 method=com.android.tools.r8.internal.B8.a(Lcom/android/tools/r8/internal/hl;IZ)V @ 672 c2
Event: 84.259 Thread 0x00000203aeb73af0 DEOPT PACKING pc=0x000002039b702140 sp=0x000000dc09bf9c80
Event: 84.259 Thread 0x00000203aeb73af0 DEOPT UNPACKING pc=0x000002039aaf69a3 sp=0x000000dc09bf9c80 mode 2

Classes unloaded (0 events):
No events

Classes redefined (0 events):
No events

Internal exceptions (20 events):
Event: 66.264 Thread 0x00000203aeb722e0 Exception <a 'java/lang/NoSuchMethodError'{0x000000008f940938}: 'void java.lang.invoke.DirectMethodHandle$Holder.invokeInterface(java.lang.Object, java.lang.Object, java.lang.Object, int)'> (0x000000008f940938) 
thrown [s\src\hotspot\share\interpreter\linkResolver.cpp, line 771]
Event: 66.265 Thread 0x00000203ae6cd8d0 Exception <a 'java/lang/NoSuchMethodError'{0x000000008fa14a50}: 'void java.lang.invoke.DirectMethodHandle$Holder.invokeInterface(java.lang.Object, java.lang.Object, java.lang.Object, int)'> (0x000000008fa14a50) 
thrown [s\src\hotspot\share\interpreter\linkResolver.cpp, line 771]
Event: 67.329 Thread 0x00000203aeb722e0 Exception <a 'java/lang/NoSuchMethodError'{0x000000008ef41518}: 'java.lang.Object java.lang.invoke.DirectMethodHandle$Holder.invokeStatic(java.lang.Object, int, java.lang.Object, java.lang.Object)'> (0x000000008ef41518) 
thrown [s\src\hotspot\share\interpreter\linkResolver.cpp, line 771]
Event: 67.334 Thread 0x00000203aeb722e0 Exception <a 'java/lang/NoSuchMethodError'{0x000000008ef57b98}: 'java.lang.Object java.lang.invoke.DirectMethodHandle$Holder.invokeStatic(java.lang.Object, java.lang.Object, int, java.lang.Object, java.lang.Object)'> (0x000000008ef57b98) 
thrown [s\src\hotspot\share\interpreter\linkResolver.cpp, line 771]
Event: 70.021 Thread 0x00000203ae6cd8d0 Exception <a 'java/lang/IncompatibleClassChangeError'{0x000000008bbdfdc0}: Found class java.lang.Object, but interface was expected> (0x000000008bbdfdc0) 
thrown [s\src\hotspot\share\interpreter\linkResolver.cpp, line 838]
Event: 70.022 Thread 0x00000203aeb722e0 Exception <a 'java/lang/IncompatibleClassChangeError'{0x000000008be71eb8}: Found class java.lang.Object, but interface was expected> (0x000000008be71eb8) 
thrown [s\src\hotspot\share\interpreter\linkResolver.cpp, line 838]
Event: 70.027 Thread 0x00000203ae6cd8d0 Exception <a 'java/lang/IncompatibleClassChangeError'{0x000000008ba04070}: Found class java.lang.Object, but interface was expected> (0x000000008ba04070) 
thrown [s\src\hotspot\share\interpreter\linkResolver.cpp, line 838]
Event: 70.027 Thread 0x00000203aeb722e0 Exception <a 'java/lang/IncompatibleClassChangeError'{0x000000008be774b8}: Found class java.lang.Object, but interface was expected> (0x000000008be774b8) 
thrown [s\src\hotspot\share\interpreter\linkResolver.cpp, line 838]
Event: 70.649 Thread 0x00000203ae6cd8d0 Exception <a 'java/lang/NoSuchMethodError'{0x000000008af4aec0}: 'void java.lang.invoke.DirectMethodHandle$Holder.invokeSpecial(java.lang.Object, java.lang.Object, int, java.lang.Object)'> (0x000000008af4aec0) 
thrown [s\src\hotspot\share\interpreter\linkResolver.cpp, line 771]
Event: 72.508 Thread 0x00000203aeb722e0 Exception <a 'java/lang/NoSuchMethodError'{0x00000000938e6fa0}: 'int java.lang.invoke.DirectMethodHandle$Holder.invokeSpecial(java.lang.Object, java.lang.Object, java.lang.Object, int)'> (0x00000000938e6fa0) 
thrown [s\src\hotspot\share\interpreter\linkResolver.cpp, line 771]
Event: 72.525 Thread 0x00000203aeb73af0 Exception <a 'java/lang/NoSuchMethodError'{0x0000000093715cc8}: 'int java.lang.invoke.DirectMethodHandle$Holder.invokeSpecial(java.lang.Object, java.lang.Object, java.lang.Object, int)'> (0x0000000093715cc8) 
thrown [s\src\hotspot\share\interpreter\linkResolver.cpp, line 771]
Event: 72.553 Thread 0x00000203aeb73af0 Exception <a 'java/lang/NoSuchMethodError'{0x0000000093753a38}: 'int java.lang.invoke.DirectMethodHandle$Holder.invokeSpecial(java.lang.Object, java.lang.Object, java.lang.Object, int, java.lang.Object)'> (0x0000000093753a38) 
thrown [s\src\hotspot\share\interpreter\linkResolver.cpp, line 771]
Event: 73.548 Thread 0x00000203aeb73af0 Exception <a 'java/lang/NoSuchMethodError'{0x00000000927a3540}: 'java.lang.Object java.lang.invoke.DirectMethodHandle$Holder.invokeInterface(java.lang.Object, java.lang.Object, int)'> (0x00000000927a3540) 
thrown [s\src\hotspot\share\interpreter\linkResolver.cpp, line 771]
Event: 77.108 Thread 0x00000203aeb722e0 Exception <a 'java/lang/NoSuchMethodError'{0x0000000093630550}: 'java.lang.Object java.lang.invoke.DirectMethodHandle$Holder.newInvokeSpecial(java.lang.Object, java.lang.Object, int, java.lang.Object, java.lang.Object, java.lang.Object)'> (0x0000000093630550) 
thrown [s\src\hotspot\share\interpreter\linkResolver.cpp, line 771]
Event: 77.112 Thread 0x00000203aeb722e0 Exception <a 'java/lang/NoSuchMethodError'{0x000000009366d858}: 'java.lang.Object java.lang.invoke.Invokers$Holder.linkToTargetMethod(java.lang.Object, int, java.lang.Object, java.lang.Object, java.lang.Object, java.lang.Object)'> (0x000000009366d858) 
thrown [s\src\hotspot\share\interpreter\linkResolver.cpp, line 771]
Event: 77.113 Thread 0x00000203aeb722e0 Exception <a 'java/lang/NoSuchMethodError'{0x00000000936c14a8}: 'void java.lang.invoke.DirectMethodHandle$Holder.invokeSpecial(java.lang.Object, java.lang.Object, java.lang.Object, int, java.lang.Object, java.lang.Object, java.lang.Object, java.lang.Object)'> (0x00000000936c14a8) 
thrown [s\src\hotspot\share\interpreter\linkResolver.cpp, line 771]
Event: 77.128 Thread 0x00000203aeb722e0 Exception <a 'java/lang/NoSuchMethodError'{0x000000009355d698}: 'void java.lang.invoke.DirectMethodHandle$Holder.invokeStatic(java.lang.Object, java.lang.Object, java.lang.Object, java.lang.Object, java.lang.Object, java.lang.Object, java.lang.Object, java.lang.Object)'> (0x000000009355d698) 
thrown [s\src\hotspot\share\interpreter\linkResolver.cpp, line 771]
Event: 77.695 Thread 0x00000203aeb722e0 Exception <a 'java/lang/IncompatibleClassChangeError'{0x0000000092ee7938}: Found class java.lang.Object, but interface was expected> (0x0000000092ee7938) 
thrown [s\src\hotspot\share\interpreter\linkResolver.cpp, line 838]
Event: 78.234 Thread 0x00000203aeb722e0 Exception <a 'java/lang/NoSuchMethodError'{0x0000000092780658}: 'void java.lang.invoke.DirectMethodHandle$Holder.invokeSpecial(java.lang.Object, java.lang.Object, int)'> (0x0000000092780658) 
thrown [s\src\hotspot\share\interpreter\linkResolver.cpp, line 771]
Event: 79.682 Thread 0x00000203aeb722e0 Exception <a 'sun/nio/fs/WindowsException'{0x0000000092b18de0}> (0x0000000092b18de0) 
thrown [s\src\hotspot\share\prims\jni.cpp, line 517]

VM Operations (20 events):
Event: 79.045 Executing VM operation: HandshakeAllThreads done
Event: 79.183 Executing VM operation: HandshakeAllThreads
Event: 79.184 Executing VM operation: HandshakeAllThreads done
Event: 79.281 Executing VM operation: HandshakeAllThreads
Event: 79.281 Executing VM operation: HandshakeAllThreads done
Event: 80.281 Executing VM operation: Cleanup
Event: 80.281 Executing VM operation: Cleanup done
Event: 81.282 Executing VM operation: Cleanup
Event: 81.282 Executing VM operation: Cleanup done
Event: 81.664 Executing VM operation: HandshakeAllThreads
Event: 81.740 Executing VM operation: HandshakeAllThreads done
Event: 82.638 Executing VM operation: HandshakeAllThreads
Event: 82.677 Executing VM operation: HandshakeAllThreads done
Event: 82.677 Executing VM operation: Cleanup
Event: 82.678 Executing VM operation: Cleanup done
Event: 82.832 Executing VM operation: G1CollectForAllocation
Event: 82.950 Executing VM operation: G1CollectForAllocation done
Event: 83.019 Executing VM operation: G1CollectForAllocation
Event: 84.172 Executing VM operation: G1CollectForAllocation done
Event: 84.282 Executing VM operation: G1CollectForAllocation

Events (20 events):
Event: 73.467 Thread 0x00000203aa014360 flushing nmethod 0x0000020394c74710
Event: 73.467 Thread 0x00000203aa014360 flushing nmethod 0x0000020394c7d290
Event: 73.467 Thread 0x00000203aa014360 flushing nmethod 0x0000020394c7d990
Event: 73.467 Thread 0x00000203aa014360 flushing nmethod 0x0000020394ca6190
Event: 73.467 Thread 0x00000203aa014360 flushing nmethod 0x0000020394caf210
Event: 73.467 Thread 0x00000203aa014360 flushing nmethod 0x0000020394caf710
Event: 73.467 Thread 0x00000203aa014360 flushing nmethod 0x0000020394cb4e90
Event: 73.467 Thread 0x00000203aa014360 flushing nmethod 0x0000020394cb5690
Event: 73.467 Thread 0x00000203aa014360 flushing nmethod 0x0000020394cba590
Event: 73.467 Thread 0x00000203aa014360 flushing nmethod 0x0000020394cca210
Event: 73.467 Thread 0x00000203aa014360 flushing nmethod 0x0000020394cf0390
Event: 73.467 Thread 0x00000203aa014360 flushing nmethod 0x0000020394cf1510
Event: 77.956 loading class java/nio/ShortBuffer
Event: 77.964 loading class java/nio/ShortBuffer done
Event: 78.286 loading class java/nio/ByteBufferAsShortBufferL
Event: 78.299 loading class java/nio/ByteBufferAsShortBufferL done
Event: 79.035 loading class java/util/zip/Adler32
Event: 79.041 loading class java/util/zip/Adler32 done
Event: 79.338 loading class java/nio/file/Files$2
Event: 79.340 loading class java/nio/file/Files$2 done


Dynamic libraries:
0x00007ff740030000 - 0x00007ff74003a000 	C:\Program Files\Android\Android Studio\jbr\bin\java.exe
0x00007ffa78350000 - 0x00007ffa78547000 	C:\Windows\SYSTEM32\ntdll.dll
0x00007ffa76960000 - 0x00007ffa76a1d000 	C:\Windows\System32\KERNEL32.DLL
0x00007ffa75f50000 - 0x00007ffa76246000 	C:\Windows\System32\KERNELBASE.dll
0x00007ffa75d40000 - 0x00007ffa75e40000 	C:\Windows\System32\ucrtbase.dll
0x00007ffa70c80000 - 0x00007ffa70c9b000 	C:\Program Files\Android\Android Studio\jbr\bin\VCRUNTIME140.dll
0x00007ffa4fcd0000 - 0x00007ffa4fce7000 	C:\Program Files\Android\Android Studio\jbr\bin\jli.dll
0x00007ffa76a20000 - 0x00007ffa76bbe000 	C:\Windows\System32\USER32.dll
0x00007ffa75c30000 - 0x00007ffa75c52000 	C:\Windows\System32\win32u.dll
0x00007ffa62a20000 - 0x00007ffa62cba000 	C:\Windows\WinSxS\amd64_microsoft.windows.common-controls_6595b64144ccf1df_6.0.19041.3570_none_60bb2a3971f3e41a\COMCTL32.dll
0x00007ffa779b0000 - 0x00007ffa779dc000 	C:\Windows\System32\GDI32.dll
0x00007ffa779e0000 - 0x00007ffa77a7e000 	C:\Windows\System32\msvcrt.dll
0x00007ffa75a60000 - 0x00007ffa75b7a000 	C:\Windows\System32\gdi32full.dll
0x00007ffa75e40000 - 0x00007ffa75edd000 	C:\Windows\System32\msvcp_win.dll
0x00007ffa77440000 - 0x00007ffa77470000 	C:\Windows\System32\IMM32.DLL
0x00007ffa70c70000 - 0x00007ffa70c7c000 	C:\Program Files\Android\Android Studio\jbr\bin\vcruntime140_1.dll
0x00007ffa67be0000 - 0x00007ffa67c6d000 	C:\Program Files\Android\Android Studio\jbr\bin\msvcp140.dll
0x00007ffa45c40000 - 0x00007ffa468ae000 	C:\Program Files\Android\Android Studio\jbr\bin\server\jvm.dll
0x00007ffa763b0000 - 0x00007ffa7645e000 	C:\Windows\System32\ADVAPI32.dll
0x00007ffa76bc0000 - 0x00007ffa76c5c000 	C:\Windows\System32\sechost.dll
0x00007ffa76750000 - 0x00007ffa76876000 	C:\Windows\System32\RPCRT4.dll
0x00007ffa68f70000 - 0x00007ffa68f79000 	C:\Windows\SYSTEM32\WSOCK32.dll
0x00007ffa645c0000 - 0x00007ffa645e7000 	C:\Windows\SYSTEM32\WINMM.dll
0x00007ffa69730000 - 0x00007ffa6973a000 	C:\Windows\SYSTEM32\VERSION.dll
0x00007ffa76cc0000 - 0x00007ffa76d2b000 	C:\Windows\System32\WS2_32.dll
0x00007ffa738d0000 - 0x00007ffa738e2000 	C:\Windows\SYSTEM32\kernel.appcore.dll
0x00007ffa67510000 - 0x00007ffa6751a000 	C:\Program Files\Android\Android Studio\jbr\bin\jimage.dll
0x00007ffa6afc0000 - 0x00007ffa6b1a4000 	C:\Windows\SYSTEM32\DBGHELP.DLL
0x00007ffa6cec0000 - 0x00007ffa6cef4000 	C:\Windows\SYSTEM32\dbgcore.DLL
0x00007ffa75cb0000 - 0x00007ffa75d32000 	C:\Windows\System32\bcryptPrimitives.dll
0x00007ffa63200000 - 0x00007ffa63225000 	C:\Program Files\Android\Android Studio\jbr\bin\java.dll
0x00007ffa5eff0000 - 0x00007ffa5f008000 	C:\Program Files\Android\Android Studio\jbr\bin\zip.dll
0x00007ffa77bc0000 - 0x00007ffa78304000 	C:\Windows\System32\SHELL32.dll
0x00007ffa73ad0000 - 0x00007ffa7426b000 	C:\Windows\SYSTEM32\windows.storage.dll
0x00007ffa77650000 - 0x00007ffa779a4000 	C:\Windows\System32\combase.dll
0x00007ffa75470000 - 0x00007ffa7549d000 	C:\Windows\SYSTEM32\Wldp.dll
0x00007ffa77a80000 - 0x00007ffa77b2d000 	C:\Windows\System32\SHCORE.dll
0x00007ffa764e0000 - 0x00007ffa76535000 	C:\Windows\System32\shlwapi.dll
0x00007ffa75960000 - 0x00007ffa75985000 	C:\Windows\SYSTEM32\profapi.dll
0x00007ffa54670000 - 0x00007ffa54689000 	C:\Program Files\Android\Android Studio\jbr\bin\net.dll
0x00007ffa6a590000 - 0x00007ffa6a69a000 	C:\Windows\SYSTEM32\WINHTTP.dll
0x00007ffa751d0000 - 0x00007ffa7523a000 	C:\Windows\system32\mswsock.dll
0x00007ffa54340000 - 0x00007ffa54356000 	C:\Program Files\Android\Android Studio\jbr\bin\nio.dll
0x00007ffa62460000 - 0x00007ffa62470000 	C:\Program Files\Android\Android Studio\jbr\bin\verify.dll
0x00007ffa51ca0000 - 0x00007ffa51cc7000 	C:\gradle-8.3\native\68d5fa5c4cc2d200863cafc0d521ce42e7d3e7ee720ec0a83991735586a16f82\windows-amd64\native-platform.dll
0x00007ffa520f0000 - 0x00007ffa52234000 	C:\gradle-8.3\native\e376f236ea51e6404a007f0833ffe2c6e607c4080706a723a18a27aeea778392\windows-amd64\native-platform-file-events.dll
0x00007ffa5ef20000 - 0x00007ffa5ef29000 	C:\Program Files\Android\Android Studio\jbr\bin\management.dll
0x00007ffa5d860000 - 0x00007ffa5d86b000 	C:\Program Files\Android\Android Studio\jbr\bin\management_ext.dll
0x00007ffa773b0000 - 0x00007ffa773b8000 	C:\Windows\System32\PSAPI.DLL
0x00007ffa753c0000 - 0x00007ffa753d8000 	C:\Windows\SYSTEM32\CRYPTSP.dll
0x00007ffa74a70000 - 0x00007ffa74aa4000 	C:\Windows\system32\rsaenh.dll
0x00007ffa75a30000 - 0x00007ffa75a57000 	C:\Windows\System32\bcrypt.dll
0x00007ffa758e0000 - 0x00007ffa7590e000 	C:\Windows\SYSTEM32\USERENV.dll
0x00007ffa753e0000 - 0x00007ffa753ec000 	C:\Windows\SYSTEM32\CRYPTBASE.dll
0x00007ffa74e70000 - 0x00007ffa74eab000 	C:\Windows\SYSTEM32\IPHLPAPI.DLL
0x00007ffa76950000 - 0x00007ffa76958000 	C:\Windows\System32\NSI.dll
0x00007ffa6ad60000 - 0x00007ffa6ad77000 	C:\Windows\SYSTEM32\dhcpcsvc6.DLL
0x00007ffa6cfa0000 - 0x00007ffa6cfbd000 	C:\Windows\SYSTEM32\dhcpcsvc.DLL
0x00007ffa74ec0000 - 0x00007ffa74f8a000 	C:\Windows\SYSTEM32\DNSAPI.dll
0x00007ffa5c8b0000 - 0x00007ffa5c8b7000 	C:\Windows\system32\wshunix.dll
0x00007ffa6f990000 - 0x00007ffa6f9a7000 	C:\Windows\system32\napinsp.dll
0x00007ffa6f970000 - 0x00007ffa6f98b000 	C:\Windows\system32\pnrpnsp.dll
0x00007ffa58ca0000 - 0x00007ffa58cb5000 	C:\Windows\system32\wshbth.dll
0x00007ffa6ed90000 - 0x00007ffa6edad000 	C:\Windows\system32\NLAapi.dll
0x00007ffa6a2a0000 - 0x00007ffa6a2b2000 	C:\Windows\System32\winrnr.dll
0x00007ffa67ef0000 - 0x00007ffa67efa000 	C:\Windows\System32\rasadhlp.dll
0x00007ffa68270000 - 0x00007ffa682f2000 	C:\Windows\System32\fwpuclnt.dll
0x00007ffa70980000 - 0x00007ffa70987000 	C:\Program Files\Android\Android Studio\jbr\bin\rmi.dll

dbghelp: loaded successfully - version: 4.0.5 - missing functions: none
symbol engine: initialized successfully - sym options: 0x614 - pdb path: .;C:\Program Files\Android\Android Studio\jbr\bin;C:\Windows\SYSTEM32;C:\Windows\WinSxS\amd64_microsoft.windows.common-controls_6595b64144ccf1df_6.0.19041.3570_none_60bb2a3971f3e41a;C:\Program Files\Android\Android Studio\jbr\bin\server;C:\gradle-8.3\native\68d5fa5c4cc2d200863cafc0d521ce42e7d3e7ee720ec0a83991735586a16f82\windows-amd64;C:\gradle-8.3\native\e376f236ea51e6404a007f0833ffe2c6e607c4080706a723a18a27aeea778392\windows-amd64

VM Arguments:
jvm_args: --add-opens=java.base/java.util=ALL-UNNAMED --add-opens=java.base/java.lang=ALL-UNNAMED --add-opens=java.base/java.lang.invoke=ALL-UNNAMED --add-opens=java.prefs/java.util.prefs=ALL-UNNAMED --add-opens=java.base/java.nio.charset=ALL-UNNAMED --add-opens=java.base/java.net=ALL-UNNAMED --add-opens=java.base/java.util.concurrent.atomic=ALL-UNNAMED -Xmx2048m -Dfile.encoding=UTF-8 -Duser.country=US -Duser.language=en -Duser.variant 
java_command: org.gradle.launcher.daemon.bootstrap.GradleDaemon 8.0
java_class_path (initial): C:\gradle-8.3\wrapper\dists\gradle-8.0-bin\ca5e32bp14vu59qr306oxotwh\gradle-8.0\lib\gradle-launcher-8.0.jar
Launcher Type: SUN_STANDARD

[Global flags]
     intx CICompilerCount                          = 3                                         {product} {ergonomic}
     uint ConcGCThreads                            = 1                                         {product} {ergonomic}
     uint G1ConcRefinementThreads                  = 4                                         {product} {ergonomic}
   size_t G1HeapRegionSize                         = 1048576                                   {product} {ergonomic}
    uintx GCDrainStackTargetSize                   = 64                                        {product} {ergonomic}
   size_t InitialHeapSize                          = 67108864                                  {product} {ergonomic}
   size_t MarkStackSize                            = 4194304                                   {product} {ergonomic}
   size_t MaxHeapSize                              = 2147483648                                {product} {command line}
   size_t MaxNewSize                               = 1287651328                                {product} {ergonomic}
   size_t MinHeapDeltaBytes                        = 1048576                                   {product} {ergonomic}
   size_t MinHeapSize                              = 8388608                                   {product} {ergonomic}
    uintx NonNMethodCodeHeapSize                   = 5832780                                {pd product} {ergonomic}
    uintx NonProfiledCodeHeapSize                  = 122912730                              {pd product} {ergonomic}
    uintx ProfiledCodeHeapSize                     = 122912730                              {pd product} {ergonomic}
    uintx ReservedCodeCacheSize                    = 251658240                              {pd product} {ergonomic}
     bool SegmentedCodeCache                       = true                                      {product} {ergonomic}
   size_t SoftMaxHeapSize                          = 2147483648                             {manageable} {ergonomic}
     bool UseCompressedClassPointers               = true                           {product lp64_product} {ergonomic}
     bool UseCompressedOops                        = true                           {product lp64_product} {ergonomic}
     bool UseG1GC                                  = true                                      {product} {ergonomic}
     bool UseLargePagesIndividualAllocation        = false                                  {pd product} {ergonomic}

Logging:
Log output configuration:
 #0: stdout all=warning uptime,level,tags
 #1: stderr all=off uptime,level,tags

Environment Variables:
JAVA_HOME=C:\Program Files\Zulu\zulu-8\
PATH=C:\Program Files\Zulu\zulu-8\bin\;C:\Program Files\Eclipse Adoptium\jdk-17.0.6.10-hotspot\bin;C:\xampp\php;C:\Windows\system32;C:\Windows;C:\Windows\System32\Wbem;C:\Windows\System32\WindowsPowerShell\v1.0\;C:\Windows\System32\OpenSSH\;C:\src\flutter2\flutter\bin;C:\Program Files\dotnet\;C:\Program Files\Git\cmd;C:\Program Files\Azure Data Studio\bin;C:\ProgramData\ComposerSetup\bin;C:\Program Files\nodejs\;C:\gradle-8.3\bin;C:\Users\hisbu\AppData\Local\Microsoft\WindowsApps;C:\src\flutter2\flutter\bin;C:\Users\hisbu\AppData\Local\Programs\Microsoft VS Code\bin;C:\Users\hisbu\.dotnet\tools;C:\Program Files\Azure Data Studio\bin;C:\Users\hisbu\AppData\Local\GitHubDesktop\bin;C:\Users\hisbu\AppData\Roaming\Composer\vendor\bin;C:\Users\hisbu\AppData\Roaming\npm;C:\gradle-8.3\bin;
USERNAME=hisbu
OS=Windows_NT
PROCESSOR_IDENTIFIER=Intel64 Family 6 Model 61 Stepping 4, GenuineIntel
TMP=C:\Users\hisbu\AppData\Local\Temp
TEMP=C:\Users\hisbu\AppData\Local\Temp


JNI global refs:
JNI global refs: 25, weak refs: 43

JNI global refs memory usage: 843, weak refs: 841


---------------  S Y S T E M  ---------------

OS:
 Windows 10 , 64 bit Build 19041 (10.0.19041.3570)
OS uptime: 0 days 2:48 hours

CPU: total 4 (initial active 4) (2 cores per cpu, 2 threads per core) family 6 model 61 stepping 4 microcode 0x2d, cx8, cmov, fxsr, ht, mmx, 3dnowpref, sse, sse2, sse3, ssse3, sse4.1, sse4.2, popcnt, lzcnt, tsc, tscinvbit, avx, avx2, aes, erms, clmul, bmi1, bmi2, adx, fma, vzeroupper, clflush

Memory: 4k page, system-wide physical 4009M (318M free)
TotalPageFile size 7038M (AvailPageFile size 312M)
current process WorkingSet (physical memory assigned to process): 434M, peak: 527M
current process commit charge ("private bytes"): 653M, peak: 1256M

vm_info: OpenJDK 64-Bit Server VM (17.0.6+0-b2043.56-10027231) for windows-amd64 JRE (17.0.6+0-b2043.56-10027231), built on Apr 28 2023 00:43:19 by "androidbuild" with MS VC++ 16.10 / 16.11 (VS2019)

END.
